<?xml version="1.0" encoding="utf-8"?>
<CoverageSession xmlns:xsd="http://www.w3.org/2001/XMLSchema" xmlns:xsi="http://www.w3.org/2001/XMLSchema-instance">
  <Summary numSequencePoints="365" visitedSequencePoints="3" numBranchPoints="129" visitedBranchPoints="1" sequenceCoverage="0.82" branchCoverage="0.78" maxCyclomaticComplexity="7" minCyclomaticComplexity="1" />
  <Modules>
    <Module skippedDueTo="Filter" hash="AF-7B-CD-C1-50-60-26-32-19-C1-34-FE-EE-C8-7D-F1-EC-A1-AE-1E">
      <FullName>C:\Windows\assembly\GAC_64\mscorlib\2.0.0.0__b77a5c561934e089\mscorlib.dll</FullName>
      <ModuleName>mscorlib</ModuleName>
      <Classes />
    </Module>
    <Module skippedDueTo="Filter" hash="F9-04-A8-31-CD-FB-23-72-95-63-5D-14-9A-A0-66-8E-7F-44-93-7A">
      <FullName>C:\Windows\assembly\GAC_64\mscorlib\2.0.0.0__b77a5c561934e089\sorttbls.nlp</FullName>
      <ModuleName>mscorlib</ModuleName>
      <Classes />
    </Module>
    <Module skippedDueTo="Filter" hash="15-F9-CC-81-CD-CD-F1-5D-31-3E-DE-51-94-0C-FB-02-80-CA-17-6B">
      <FullName>C:\src\PersonalServiceBus\packages\NUnit.Runners.2.6.2\tools\nunit-console.exe</FullName>
      <ModuleName>nunit-console</ModuleName>
      <Classes />
    </Module>
    <Module skippedDueTo="Filter" hash="6E-30-2E-50-36-FB-60-2C-8E-50-C0-83-54-8B-CC-EA-A8-91-B6-CC">
      <FullName>C:\Windows\assembly\GAC_64\mscorlib\2.0.0.0__b77a5c561934e089\sortkey.nlp</FullName>
      <ModuleName>mscorlib</ModuleName>
      <Classes />
    </Module>
    <Module skippedDueTo="Filter" hash="79-F8-9A-22-4E-29-52-37-00-CF-81-FF-1F-EA-05-EC-74-2A-2E-C8">
      <FullName>C:\src\PersonalServiceBus\packages\NUnit.Runners.2.6.2\tools\lib\nunit-console-runner.dll</FullName>
      <ModuleName>nunit-console-runner</ModuleName>
      <Classes />
    </Module>
    <Module skippedDueTo="Filter" hash="23-35-8C-86-05-D5-AE-FE-3C-1F-09-A0-86-02-40-7C-4F-CA-59-41">
      <FullName>C:\src\PersonalServiceBus\packages\NUnit.Runners.2.6.2\tools\lib\nunit.core.dll</FullName>
      <ModuleName>nunit.core</ModuleName>
      <Classes />
    </Module>
    <Module skippedDueTo="Filter" hash="57-DD-20-42-DA-33-B3-EE-DA-8C-8E-25-C9-E5-07-B5-08-62-0F-88">
      <FullName>C:\src\PersonalServiceBus\packages\NUnit.Runners.2.6.2\tools\lib\nunit.util.dll</FullName>
      <ModuleName>nunit.util</ModuleName>
      <Classes />
    </Module>
    <Module skippedDueTo="Filter" hash="AD-76-2F-3C-5E-F6-77-0D-C6-AD-AF-A3-90-85-28-07-2D-A0-59-50">
      <FullName>C:\src\PersonalServiceBus\packages\NUnit.Runners.2.6.2\tools\lib\nunit.core.interfaces.dll</FullName>
      <ModuleName>nunit.core.interfaces</ModuleName>
      <Classes />
    </Module>
    <Module skippedDueTo="Filter" hash="29-7F-1D-47-A0-C2-1E-79-72-DB-55-8B-77-17-5A-36-3F-AB-C9-49">
      <FullName>C:\Windows\assembly\GAC_MSIL\System.Configuration\2.0.0.0__b03f5f7f11d50a3a\System.Configuration.dll</FullName>
      <ModuleName>System.Configuration</ModuleName>
      <Classes />
    </Module>
    <Module skippedDueTo="Filter" hash="D3-99-70-9D-4C-FD-70-CC-82-00-AA-75-7A-54-8C-25-AC-54-B1-BF">
      <FullName>C:\Windows\assembly\GAC_MSIL\System\2.0.0.0__b77a5c561934e089\System.dll</FullName>
      <ModuleName>System</ModuleName>
      <Classes />
    </Module>
    <Module skippedDueTo="Filter" hash="9F-38-A5-E1-C0-92-04-A9-56-32-B4-1B-B5-9F-34-1D-C5-C9-28-43">
      <FullName>C:\Windows\assembly\GAC_MSIL\System.Xml\2.0.0.0__b77a5c561934e089\System.Xml.dll</FullName>
      <ModuleName>System.Xml</ModuleName>
      <Classes />
    </Module>
    <Module skippedDueTo="Filter" hash="92-44-10-37-4C-84-2D-65-E3-A0-6A-B9-9F-01-42-6A-27-41-4A-8C">
      <FullName>C:\Windows\assembly\GAC_MSIL\System.Runtime.Remoting\2.0.0.0__b77a5c561934e089\System.Runtime.Remoting.dll</FullName>
      <ModuleName>System.Runtime.Remoting</ModuleName>
      <Classes />
    </Module>
    <Module skippedDueTo="Filter" hash="1B-27-DE-74-A6-D6-91-52-7A-0A-F9-FD-99-1C-3D-35-93-CE-2D-3B">
      <FullName>C:\Windows\Microsoft.Net\assembly\GAC_64\mscorlib\v4.0_4.0.0.0__b77a5c561934e089\mscorlib.dll</FullName>
      <ModuleName>mscorlib</ModuleName>
      <Classes />
    </Module>
    <Module skippedDueTo="Filter" hash="FB-85-03-F6-E1-75-BB-8A-0F-44-79-E7-A8-B3-A4-E6-DF-72-B0-75">
      <FullName>C:\src\PersonalServiceBus\packages\NUnit.Runners.2.6.2\tools\nunit-agent.exe</FullName>
      <ModuleName>nunit-agent</ModuleName>
      <Classes />
    </Module>
    <Module skippedDueTo="Filter" hash="23-35-8C-86-05-D5-AE-FE-3C-1F-09-A0-86-02-40-7C-4F-CA-59-41">
      <FullName>C:\src\PersonalServiceBus\packages\NUnit.Runners.2.6.2\tools\lib\nunit.core.dll</FullName>
      <ModuleName>nunit.core</ModuleName>
      <Classes />
    </Module>
    <Module skippedDueTo="Filter" hash="57-DD-20-42-DA-33-B3-EE-DA-8C-8E-25-C9-E5-07-B5-08-62-0F-88">
      <FullName>C:\src\PersonalServiceBus\packages\NUnit.Runners.2.6.2\tools\lib\nunit.util.dll</FullName>
      <ModuleName>nunit.util</ModuleName>
      <Classes />
    </Module>
    <Module skippedDueTo="Filter" hash="AD-76-2F-3C-5E-F6-77-0D-C6-AD-AF-A3-90-85-28-07-2D-A0-59-50">
      <FullName>C:\src\PersonalServiceBus\packages\NUnit.Runners.2.6.2\tools\lib\nunit.core.interfaces.dll</FullName>
      <ModuleName>nunit.core.interfaces</ModuleName>
      <Classes />
    </Module>
    <Module skippedDueTo="Filter" hash="98-5B-33-BC-92-AB-DB-88-FE-EC-F2-8F-04-5B-06-B6-ED-05-0B-00">
      <FullName>C:\Windows\Microsoft.Net\assembly\GAC_MSIL\System\v4.0_4.0.0.0__b77a5c561934e089\System.dll</FullName>
      <ModuleName>System</ModuleName>
      <Classes />
    </Module>
    <Module skippedDueTo="Filter" hash="84-64-E1-D2-0A-E2-91-23-AD-BD-B9-7A-3C-89-7B-66-65-58-46-1C">
      <FullName>C:\Windows\Microsoft.Net\assembly\GAC_MSIL\System.Runtime.Remoting\v4.0_4.0.0.0__b77a5c561934e089\System.Runtime.Remoting.dll</FullName>
      <ModuleName>System.Runtime.Remoting</ModuleName>
      <Classes />
    </Module>
    <Module skippedDueTo="Filter" hash="80-32-3B-47-08-F0-74-C4-64-F6-98-9B-54-B3-69-B5-B9-29-D3-E9">
      <FullName>C:\Windows\Microsoft.Net\assembly\GAC_MSIL\System.Configuration\v4.0_4.0.0.0__b03f5f7f11d50a3a\System.Configuration.dll</FullName>
      <ModuleName>System.Configuration</ModuleName>
      <Classes />
    </Module>
    <Module skippedDueTo="Filter" hash="4E-89-38-9F-47-4E-A3-89-AA-A8-57-BE-BD-43-49-E2-6C-34-B3-66">
      <FullName>C:\Windows\Microsoft.Net\assembly\GAC_MSIL\System.Xml\v4.0_4.0.0.0__b77a5c561934e089\System.Xml.dll</FullName>
      <ModuleName>System.Xml</ModuleName>
      <Classes />
    </Module>
    <Module skippedDueTo="Filter" hash="A7-54-23-58-DF-22-ED-38-93-07-97-FC-34-85-B3-77-5A-DA-4C-A3">
      <FullName>C:\Windows\Microsoft.Net\assembly\GAC_64\System.Web\v4.0_4.0.0.0__b03f5f7f11d50a3a\System.Web.dll</FullName>
      <ModuleName>System.Web</ModuleName>
      <Classes />
    </Module>
    <Module skippedDueTo="Filter" hash="0D-B5-73-2A-91-AA-27-1D-93-2D-07-C5-ED-39-F2-A8-9A-75-48-CC">
      <FullName>C:\Windows\assembly\GAC_64\System.Web\2.0.0.0__b03f5f7f11d50a3a\System.Web.dll</FullName>
      <ModuleName>System.Web</ModuleName>
      <Classes />
    </Module>
    <Module skippedDueTo="Filter" hash="23-35-8C-86-05-D5-AE-FE-3C-1F-09-A0-86-02-40-7C-4F-CA-59-41">
      <FullName>C:\src\PersonalServiceBus\packages\NUnit.Runners.2.6.2\tools\lib\nunit.core.dll</FullName>
      <ModuleName>nunit.core</ModuleName>
      <Classes />
    </Module>
    <Module skippedDueTo="Filter" hash="98-5B-33-BC-92-AB-DB-88-FE-EC-F2-8F-04-5B-06-B6-ED-05-0B-00">
      <FullName>C:\Windows\Microsoft.Net\assembly\GAC_MSIL\System\v4.0_4.0.0.0__b77a5c561934e089\System.dll</FullName>
      <ModuleName>System</ModuleName>
      <Classes />
    </Module>
    <Module skippedDueTo="Filter" hash="C8-69-A6-5A-0E-1E-E0-29-EB-EF-CA-C5-2C-E2-B7-EB-F6-D9-64-1A">
      <FullName>C:\src\PersonalServiceBus\packages\NUnit.Runners.2.6.2\tools\pnunit.framework.dll</FullName>
      <ModuleName>pnunit.framework</ModuleName>
      <Classes />
    </Module>
    <Module skippedDueTo="Filter" hash="F9-30-3E-D0-DF-D4-B8-50-24-2D-CB-99-08-61-9C-77-28-1C-6D-29">
      <FullName>C:\src\PersonalServiceBus\packages\NUnit.Runners.2.6.2\tools\pnunit-agent.exe</FullName>
      <ModuleName>pnunit-agent</ModuleName>
      <Classes />
    </Module>
    <Module skippedDueTo="Filter" hash="AD-76-2F-3C-5E-F6-77-0D-C6-AD-AF-A3-90-85-28-07-2D-A0-59-50">
      <FullName>C:\src\PersonalServiceBus\packages\NUnit.Runners.2.6.2\tools\lib\nunit.core.interfaces.dll</FullName>
      <ModuleName>nunit.core.interfaces</ModuleName>
      <Classes />
    </Module>
    <Module skippedDueTo="Filter" hash="89-57-D6-22-8C-80-23-5E-FE-03-B7-23-BD-4C-FC-2B-A9-A9-03-19">
      <FullName>C:\Users\jake.anderson.TRITON-TEK\AppData\Local\Temp\nunit20\ShadowCopyCache\6736_635052885870527523\Tests_186951863\assembly\dl3\c0154b73\8e19d2d2_3a5bce01\PersonalServiceBus.RSS.Test.Unit.dll</FullName>
      <ModuleName>PersonalServiceBus.RSS.Test.Unit</ModuleName>
      <Classes />
    </Module>
    <Module skippedDueTo="Filter" hash="13-4C-94-D1-A1-A5-D9-8F-F1-E4-CE-A7-87-EF-CC-42-FC-6B-CA-BC">
      <FullName>C:\Users\jake.anderson.TRITON-TEK\AppData\Local\Temp\nunit20\ShadowCopyCache\6736_635052885870527523\Tests_186951863\assembly\dl3\a350eec9\d670e90d_255bce01\nunit.framework.dll</FullName>
      <ModuleName>nunit.framework</ModuleName>
      <Classes />
    </Module>
    <Module skippedDueTo="Filter" hash="79-F8-9A-22-4E-29-52-37-00-CF-81-FF-1F-EA-05-EC-74-2A-2E-C8">
      <FullName>C:\src\PersonalServiceBus\packages\NUnit.Runners.2.6.2\tools\lib\nunit-console-runner.dll</FullName>
      <ModuleName>nunit-console-runner</ModuleName>
      <Classes />
    </Module>
    <Module skippedDueTo="Filter" hash="84-64-E1-D2-0A-E2-91-23-AD-BD-B9-7A-3C-89-7B-66-65-58-46-1C">
      <FullName>C:\Windows\Microsoft.Net\assembly\GAC_MSIL\System.Runtime.Remoting\v4.0_4.0.0.0__b77a5c561934e089\System.Runtime.Remoting.dll</FullName>
      <ModuleName>System.Runtime.Remoting</ModuleName>
      <Classes />
    </Module>
    <Module skippedDueTo="Filter" hash="80-32-3B-47-08-F0-74-C4-64-F6-98-9B-54-B3-69-B5-B9-29-D3-E9">
      <FullName>C:\Windows\Microsoft.Net\assembly\GAC_MSIL\System.Configuration\v4.0_4.0.0.0__b03f5f7f11d50a3a\System.Configuration.dll</FullName>
      <ModuleName>System.Configuration</ModuleName>
      <Classes />
    </Module>
    <Module skippedDueTo="Filter" hash="4E-89-38-9F-47-4E-A3-89-AA-A8-57-BE-BD-43-49-E2-6C-34-B3-66">
      <FullName>C:\Windows\Microsoft.Net\assembly\GAC_MSIL\System.Xml\v4.0_4.0.0.0__b77a5c561934e089\System.Xml.dll</FullName>
      <ModuleName>System.Xml</ModuleName>
      <Classes />
    </Module>
    <Module skippedDueTo="Filter" hash="3F-30-D4-1E-29-17-B3-6B-DB-A7-82-2B-2A-6D-0E-07-65-EE-77-A0">
      <FullName>C:\Users\jake.anderson.TRITON-TEK\AppData\Local\Temp\nunit20\ShadowCopyCache\6736_635052885870527523\Tests_186951863\assembly\dl3\f6d7a6ff\ea04551b_3a5bce01\Moq.dll</FullName>
      <ModuleName>Moq</ModuleName>
      <Classes />
    </Module>
    <Module hash="DE-8D-23-B2-35-61-11-F0-70-4F-57-00-01-C0-61-16-B8-78-31-FD">
      <Summary numSequencePoints="0" visitedSequencePoints="0" numBranchPoints="0" visitedBranchPoints="0" sequenceCoverage="0" branchCoverage="0" maxCyclomaticComplexity="1" minCyclomaticComplexity="1" />
      <FullName>C:\Users\jake.anderson.TRITON-TEK\AppData\Local\Temp\nunit20\ShadowCopyCache\6736_635052885870527523\Tests_186951863\assembly\dl3\64cb777b\19d2e2ec_355bce01\PersonalServiceBus.RSS.Core.dll</FullName>
      <ModuleName>PersonalServiceBus.RSS.Core</ModuleName>
      <Files />
      <Classes>
        <Class>
          <Summary numSequencePoints="0" visitedSequencePoints="0" numBranchPoints="0" visitedBranchPoints="0" sequenceCoverage="0" branchCoverage="0" maxCyclomaticComplexity="0" minCyclomaticComplexity="0" />
          <FullName>&lt;Module&gt;</FullName>
          <Methods />
        </Class>
        <Class>
          <Summary numSequencePoints="0" visitedSequencePoints="0" numBranchPoints="0" visitedBranchPoints="0" sequenceCoverage="0" branchCoverage="0" maxCyclomaticComplexity="1" minCyclomaticComplexity="1" />
          <FullName>PersonalServiceBus.RSS.Core.Contract.CollectionResponse`1</FullName>
          <Methods>
            <Method visited="false" cyclomaticComplexity="1" sequenceCoverage="0" branchCoverage="0" isConstructor="false" isStatic="false" isGetter="true" isSetter="false">
              <Summary numSequencePoints="0" visitedSequencePoints="0" numBranchPoints="0" visitedBranchPoints="0" sequenceCoverage="0" branchCoverage="0" maxCyclomaticComplexity="1" minCyclomaticComplexity="1" />
              <MetadataToken>100663297</MetadataToken>
              <Name>System.Collections.Generic.IEnumerable`1&lt;T&gt; PersonalServiceBus.RSS.Core.Contract.CollectionResponse`1::get_Data()</Name>
              <SequencePoints />
              <BranchPoints />
              <MethodPoint vc="0" uspid="1" ordinal="0" offset="0" />
            </Method>
            <Method visited="false" cyclomaticComplexity="1" sequenceCoverage="0" branchCoverage="0" isConstructor="false" isStatic="false" isGetter="false" isSetter="true">
              <Summary numSequencePoints="0" visitedSequencePoints="0" numBranchPoints="0" visitedBranchPoints="0" sequenceCoverage="0" branchCoverage="0" maxCyclomaticComplexity="1" minCyclomaticComplexity="1" />
              <MetadataToken>100663298</MetadataToken>
              <Name>System.Void PersonalServiceBus.RSS.Core.Contract.CollectionResponse`1::set_Data(System.Collections.Generic.IEnumerable`1&lt;T&gt;)</Name>
              <SequencePoints />
              <BranchPoints />
              <MethodPoint vc="0" uspid="2" ordinal="0" offset="0" />
            </Method>
            <Method visited="false" cyclomaticComplexity="1" sequenceCoverage="0" branchCoverage="0" isConstructor="false" isStatic="false" isGetter="true" isSetter="false">
              <Summary numSequencePoints="0" visitedSequencePoints="0" numBranchPoints="0" visitedBranchPoints="0" sequenceCoverage="0" branchCoverage="0" maxCyclomaticComplexity="1" minCyclomaticComplexity="1" />
              <MetadataToken>100663299</MetadataToken>
              <Name>PersonalServiceBus.RSS.Core.Domain.Model.Status PersonalServiceBus.RSS.Core.Contract.CollectionResponse`1::get_Status()</Name>
              <SequencePoints />
              <BranchPoints />
              <MethodPoint vc="0" uspid="3" ordinal="0" offset="0" />
            </Method>
            <Method visited="false" cyclomaticComplexity="1" sequenceCoverage="0" branchCoverage="0" isConstructor="false" isStatic="false" isGetter="false" isSetter="true">
              <Summary numSequencePoints="0" visitedSequencePoints="0" numBranchPoints="0" visitedBranchPoints="0" sequenceCoverage="0" branchCoverage="0" maxCyclomaticComplexity="1" minCyclomaticComplexity="1" />
              <MetadataToken>100663300</MetadataToken>
              <Name>System.Void PersonalServiceBus.RSS.Core.Contract.CollectionResponse`1::set_Status(PersonalServiceBus.RSS.Core.Domain.Model.Status)</Name>
              <SequencePoints />
              <BranchPoints />
              <MethodPoint vc="0" uspid="4" ordinal="0" offset="0" />
            </Method>
            <Method visited="false" cyclomaticComplexity="1" sequenceCoverage="0" branchCoverage="0" isConstructor="true" isStatic="false" isGetter="false" isSetter="false">
              <Summary numSequencePoints="0" visitedSequencePoints="0" numBranchPoints="0" visitedBranchPoints="0" sequenceCoverage="0" branchCoverage="0" maxCyclomaticComplexity="1" minCyclomaticComplexity="1" />
              <MetadataToken>100663301</MetadataToken>
              <Name>System.Void PersonalServiceBus.RSS.Core.Contract.CollectionResponse`1::.ctor()</Name>
              <SequencePoints />
              <BranchPoints />
              <MethodPoint vc="0" uspid="5" ordinal="0" offset="0" />
            </Method>
          </Methods>
        </Class>
        <Class>
          <Summary numSequencePoints="0" visitedSequencePoints="0" numBranchPoints="0" visitedBranchPoints="0" sequenceCoverage="0" branchCoverage="0" maxCyclomaticComplexity="1" minCyclomaticComplexity="1" />
          <FullName>PersonalServiceBus.RSS.Core.Contract.SingleResponse`1</FullName>
          <Methods>
            <Method visited="false" cyclomaticComplexity="1" sequenceCoverage="0" branchCoverage="0" isConstructor="false" isStatic="false" isGetter="true" isSetter="false">
              <Summary numSequencePoints="0" visitedSequencePoints="0" numBranchPoints="0" visitedBranchPoints="0" sequenceCoverage="0" branchCoverage="0" maxCyclomaticComplexity="1" minCyclomaticComplexity="1" />
              <MetadataToken>100663302</MetadataToken>
              <Name>T PersonalServiceBus.RSS.Core.Contract.SingleResponse`1::get_Data()</Name>
              <SequencePoints />
              <BranchPoints />
              <MethodPoint vc="0" uspid="6" ordinal="0" offset="0" />
            </Method>
            <Method visited="false" cyclomaticComplexity="1" sequenceCoverage="0" branchCoverage="0" isConstructor="false" isStatic="false" isGetter="false" isSetter="true">
              <Summary numSequencePoints="0" visitedSequencePoints="0" numBranchPoints="0" visitedBranchPoints="0" sequenceCoverage="0" branchCoverage="0" maxCyclomaticComplexity="1" minCyclomaticComplexity="1" />
              <MetadataToken>100663303</MetadataToken>
              <Name>System.Void PersonalServiceBus.RSS.Core.Contract.SingleResponse`1::set_Data(T)</Name>
              <SequencePoints />
              <BranchPoints />
              <MethodPoint vc="0" uspid="7" ordinal="0" offset="0" />
            </Method>
            <Method visited="false" cyclomaticComplexity="1" sequenceCoverage="0" branchCoverage="0" isConstructor="false" isStatic="false" isGetter="true" isSetter="false">
              <Summary numSequencePoints="0" visitedSequencePoints="0" numBranchPoints="0" visitedBranchPoints="0" sequenceCoverage="0" branchCoverage="0" maxCyclomaticComplexity="1" minCyclomaticComplexity="1" />
              <MetadataToken>100663304</MetadataToken>
              <Name>PersonalServiceBus.RSS.Core.Domain.Model.Status PersonalServiceBus.RSS.Core.Contract.SingleResponse`1::get_Status()</Name>
              <SequencePoints />
              <BranchPoints />
              <MethodPoint vc="0" uspid="8" ordinal="0" offset="0" />
            </Method>
            <Method visited="false" cyclomaticComplexity="1" sequenceCoverage="0" branchCoverage="0" isConstructor="false" isStatic="false" isGetter="false" isSetter="true">
              <Summary numSequencePoints="0" visitedSequencePoints="0" numBranchPoints="0" visitedBranchPoints="0" sequenceCoverage="0" branchCoverage="0" maxCyclomaticComplexity="1" minCyclomaticComplexity="1" />
              <MetadataToken>100663305</MetadataToken>
              <Name>System.Void PersonalServiceBus.RSS.Core.Contract.SingleResponse`1::set_Status(PersonalServiceBus.RSS.Core.Domain.Model.Status)</Name>
              <SequencePoints />
              <BranchPoints />
              <MethodPoint vc="0" uspid="9" ordinal="0" offset="0" />
            </Method>
            <Method visited="false" cyclomaticComplexity="1" sequenceCoverage="0" branchCoverage="0" isConstructor="true" isStatic="false" isGetter="false" isSetter="false">
              <Summary numSequencePoints="0" visitedSequencePoints="0" numBranchPoints="0" visitedBranchPoints="0" sequenceCoverage="0" branchCoverage="0" maxCyclomaticComplexity="1" minCyclomaticComplexity="1" />
              <MetadataToken>100663306</MetadataToken>
              <Name>System.Void PersonalServiceBus.RSS.Core.Contract.SingleResponse`1::.ctor()</Name>
              <SequencePoints />
              <BranchPoints />
              <MethodPoint vc="0" uspid="10" ordinal="0" offset="0" />
            </Method>
          </Methods>
        </Class>
        <Class>
          <Summary numSequencePoints="0" visitedSequencePoints="0" numBranchPoints="0" visitedBranchPoints="0" sequenceCoverage="0" branchCoverage="0" maxCyclomaticComplexity="1" minCyclomaticComplexity="1" />
          <FullName>PersonalServiceBus.RSS.Core.Domain.Model.EntityBase</FullName>
          <Methods>
            <Method visited="false" cyclomaticComplexity="1" sequenceCoverage="0" branchCoverage="0" isConstructor="false" isStatic="false" isGetter="true" isSetter="false">
              <Summary numSequencePoints="0" visitedSequencePoints="0" numBranchPoints="0" visitedBranchPoints="0" sequenceCoverage="0" branchCoverage="0" maxCyclomaticComplexity="1" minCyclomaticComplexity="1" />
              <MetadataToken>100663335</MetadataToken>
              <Name>System.String PersonalServiceBus.RSS.Core.Domain.Model.EntityBase::get_Id()</Name>
              <SequencePoints />
              <BranchPoints />
              <MethodPoint vc="0" uspid="11" ordinal="0" offset="0" />
            </Method>
            <Method visited="false" cyclomaticComplexity="1" sequenceCoverage="0" branchCoverage="0" isConstructor="false" isStatic="false" isGetter="false" isSetter="true">
              <Summary numSequencePoints="0" visitedSequencePoints="0" numBranchPoints="0" visitedBranchPoints="0" sequenceCoverage="0" branchCoverage="0" maxCyclomaticComplexity="1" minCyclomaticComplexity="1" />
              <MetadataToken>100663336</MetadataToken>
              <Name>System.Void PersonalServiceBus.RSS.Core.Domain.Model.EntityBase::set_Id(System.String)</Name>
              <SequencePoints />
              <BranchPoints />
              <MethodPoint vc="0" uspid="12" ordinal="0" offset="0" />
            </Method>
            <Method visited="false" cyclomaticComplexity="1" sequenceCoverage="0" branchCoverage="0" isConstructor="true" isStatic="false" isGetter="false" isSetter="false">
              <Summary numSequencePoints="0" visitedSequencePoints="0" numBranchPoints="0" visitedBranchPoints="0" sequenceCoverage="0" branchCoverage="0" maxCyclomaticComplexity="1" minCyclomaticComplexity="1" />
              <MetadataToken>100663337</MetadataToken>
              <Name>System.Void PersonalServiceBus.RSS.Core.Domain.Model.EntityBase::.ctor()</Name>
              <SequencePoints />
              <BranchPoints />
              <MethodPoint vc="0" uspid="13" ordinal="0" offset="0" />
            </Method>
          </Methods>
        </Class>
        <Class>
          <Summary numSequencePoints="0" visitedSequencePoints="0" numBranchPoints="0" visitedBranchPoints="0" sequenceCoverage="0" branchCoverage="0" maxCyclomaticComplexity="1" minCyclomaticComplexity="1" />
          <FullName>PersonalServiceBus.RSS.Core.Domain.Model.ClientConnection</FullName>
          <Methods>
            <Method visited="false" cyclomaticComplexity="1" sequenceCoverage="0" branchCoverage="0" isConstructor="false" isStatic="false" isGetter="true" isSetter="false">
              <Summary numSequencePoints="0" visitedSequencePoints="0" numBranchPoints="0" visitedBranchPoints="0" sequenceCoverage="0" branchCoverage="0" maxCyclomaticComplexity="1" minCyclomaticComplexity="1" />
              <MetadataToken>100663338</MetadataToken>
              <Name>System.String PersonalServiceBus.RSS.Core.Domain.Model.ClientConnection::get_Username()</Name>
              <SequencePoints />
              <BranchPoints />
              <MethodPoint vc="0" uspid="14" ordinal="0" offset="0" />
            </Method>
            <Method visited="false" cyclomaticComplexity="1" sequenceCoverage="0" branchCoverage="0" isConstructor="false" isStatic="false" isGetter="false" isSetter="true">
              <Summary numSequencePoints="0" visitedSequencePoints="0" numBranchPoints="0" visitedBranchPoints="0" sequenceCoverage="0" branchCoverage="0" maxCyclomaticComplexity="1" minCyclomaticComplexity="1" />
              <MetadataToken>100663339</MetadataToken>
              <Name>System.Void PersonalServiceBus.RSS.Core.Domain.Model.ClientConnection::set_Username(System.String)</Name>
              <SequencePoints />
              <BranchPoints />
              <MethodPoint vc="0" uspid="15" ordinal="0" offset="0" />
            </Method>
            <Method visited="false" cyclomaticComplexity="1" sequenceCoverage="0" branchCoverage="0" isConstructor="false" isStatic="false" isGetter="true" isSetter="false">
              <Summary numSequencePoints="0" visitedSequencePoints="0" numBranchPoints="0" visitedBranchPoints="0" sequenceCoverage="0" branchCoverage="0" maxCyclomaticComplexity="1" minCyclomaticComplexity="1" />
              <MetadataToken>100663340</MetadataToken>
              <Name>System.Collections.Generic.List`1&lt;System.String&gt; PersonalServiceBus.RSS.Core.Domain.Model.ClientConnection::get_ConnectionIds()</Name>
              <SequencePoints />
              <BranchPoints />
              <MethodPoint vc="0" uspid="16" ordinal="0" offset="0" />
            </Method>
            <Method visited="false" cyclomaticComplexity="1" sequenceCoverage="0" branchCoverage="0" isConstructor="false" isStatic="false" isGetter="false" isSetter="true">
              <Summary numSequencePoints="0" visitedSequencePoints="0" numBranchPoints="0" visitedBranchPoints="0" sequenceCoverage="0" branchCoverage="0" maxCyclomaticComplexity="1" minCyclomaticComplexity="1" />
              <MetadataToken>100663341</MetadataToken>
              <Name>System.Void PersonalServiceBus.RSS.Core.Domain.Model.ClientConnection::set_ConnectionIds(System.Collections.Generic.List`1&lt;System.String&gt;)</Name>
              <SequencePoints />
              <BranchPoints />
              <MethodPoint vc="0" uspid="17" ordinal="0" offset="0" />
            </Method>
            <Method visited="false" cyclomaticComplexity="1" sequenceCoverage="0" branchCoverage="0" isConstructor="false" isStatic="false" isGetter="true" isSetter="false">
              <Summary numSequencePoints="0" visitedSequencePoints="0" numBranchPoints="0" visitedBranchPoints="0" sequenceCoverage="0" branchCoverage="0" maxCyclomaticComplexity="1" minCyclomaticComplexity="1" />
              <MetadataToken>100663342</MetadataToken>
              <Name>System.DateTime PersonalServiceBus.RSS.Core.Domain.Model.ClientConnection::get_CreatedDate()</Name>
              <SequencePoints />
              <BranchPoints />
              <MethodPoint vc="0" uspid="18" ordinal="0" offset="0" />
            </Method>
            <Method visited="false" cyclomaticComplexity="1" sequenceCoverage="0" branchCoverage="0" isConstructor="false" isStatic="false" isGetter="false" isSetter="true">
              <Summary numSequencePoints="0" visitedSequencePoints="0" numBranchPoints="0" visitedBranchPoints="0" sequenceCoverage="0" branchCoverage="0" maxCyclomaticComplexity="1" minCyclomaticComplexity="1" />
              <MetadataToken>100663343</MetadataToken>
              <Name>System.Void PersonalServiceBus.RSS.Core.Domain.Model.ClientConnection::set_CreatedDate(System.DateTime)</Name>
              <SequencePoints />
              <BranchPoints />
              <MethodPoint vc="0" uspid="19" ordinal="0" offset="0" />
            </Method>
            <Method visited="false" cyclomaticComplexity="1" sequenceCoverage="0" branchCoverage="0" isConstructor="true" isStatic="false" isGetter="false" isSetter="false">
              <Summary numSequencePoints="0" visitedSequencePoints="0" numBranchPoints="0" visitedBranchPoints="0" sequenceCoverage="0" branchCoverage="0" maxCyclomaticComplexity="1" minCyclomaticComplexity="1" />
              <MetadataToken>100663344</MetadataToken>
              <Name>System.Void PersonalServiceBus.RSS.Core.Domain.Model.ClientConnection::.ctor()</Name>
              <SequencePoints />
              <BranchPoints />
              <MethodPoint vc="0" uspid="20" ordinal="0" offset="0" />
            </Method>
          </Methods>
        </Class>
        <Class>
          <Summary numSequencePoints="0" visitedSequencePoints="0" numBranchPoints="0" visitedBranchPoints="0" sequenceCoverage="0" branchCoverage="0" maxCyclomaticComplexity="1" minCyclomaticComplexity="1" />
          <FullName>PersonalServiceBus.RSS.Core.Domain.Model.User</FullName>
          <Methods>
            <Method visited="false" cyclomaticComplexity="1" sequenceCoverage="0" branchCoverage="0" isConstructor="false" isStatic="false" isGetter="true" isSetter="false">
              <Summary numSequencePoints="0" visitedSequencePoints="0" numBranchPoints="0" visitedBranchPoints="0" sequenceCoverage="0" branchCoverage="0" maxCyclomaticComplexity="1" minCyclomaticComplexity="1" />
              <MetadataToken>100663345</MetadataToken>
              <Name>System.String PersonalServiceBus.RSS.Core.Domain.Model.User::get_Username()</Name>
              <SequencePoints />
              <BranchPoints />
              <MethodPoint vc="0" uspid="21" ordinal="0" offset="0" />
            </Method>
            <Method visited="false" cyclomaticComplexity="1" sequenceCoverage="0" branchCoverage="0" isConstructor="false" isStatic="false" isGetter="false" isSetter="true">
              <Summary numSequencePoints="0" visitedSequencePoints="0" numBranchPoints="0" visitedBranchPoints="0" sequenceCoverage="0" branchCoverage="0" maxCyclomaticComplexity="1" minCyclomaticComplexity="1" />
              <MetadataToken>100663346</MetadataToken>
              <Name>System.Void PersonalServiceBus.RSS.Core.Domain.Model.User::set_Username(System.String)</Name>
              <SequencePoints />
              <BranchPoints />
              <MethodPoint vc="0" uspid="22" ordinal="0" offset="0" />
            </Method>
            <Method visited="false" cyclomaticComplexity="1" sequenceCoverage="0" branchCoverage="0" isConstructor="false" isStatic="false" isGetter="true" isSetter="false">
              <Summary numSequencePoints="0" visitedSequencePoints="0" numBranchPoints="0" visitedBranchPoints="0" sequenceCoverage="0" branchCoverage="0" maxCyclomaticComplexity="1" minCyclomaticComplexity="1" />
              <MetadataToken>100663347</MetadataToken>
              <Name>System.String PersonalServiceBus.RSS.Core.Domain.Model.User::get_Password()</Name>
              <SequencePoints />
              <BranchPoints />
              <MethodPoint vc="0" uspid="23" ordinal="0" offset="0" />
            </Method>
            <Method visited="false" cyclomaticComplexity="1" sequenceCoverage="0" branchCoverage="0" isConstructor="false" isStatic="false" isGetter="false" isSetter="true">
              <Summary numSequencePoints="0" visitedSequencePoints="0" numBranchPoints="0" visitedBranchPoints="0" sequenceCoverage="0" branchCoverage="0" maxCyclomaticComplexity="1" minCyclomaticComplexity="1" />
              <MetadataToken>100663348</MetadataToken>
              <Name>System.Void PersonalServiceBus.RSS.Core.Domain.Model.User::set_Password(System.String)</Name>
              <SequencePoints />
              <BranchPoints />
              <MethodPoint vc="0" uspid="24" ordinal="0" offset="0" />
            </Method>
            <Method visited="false" cyclomaticComplexity="1" sequenceCoverage="0" branchCoverage="0" isConstructor="false" isStatic="false" isGetter="true" isSetter="false">
              <Summary numSequencePoints="0" visitedSequencePoints="0" numBranchPoints="0" visitedBranchPoints="0" sequenceCoverage="0" branchCoverage="0" maxCyclomaticComplexity="1" minCyclomaticComplexity="1" />
              <MetadataToken>100663349</MetadataToken>
              <Name>System.String PersonalServiceBus.RSS.Core.Domain.Model.User::get_Email()</Name>
              <SequencePoints />
              <BranchPoints />
              <MethodPoint vc="0" uspid="25" ordinal="0" offset="0" />
            </Method>
            <Method visited="false" cyclomaticComplexity="1" sequenceCoverage="0" branchCoverage="0" isConstructor="false" isStatic="false" isGetter="false" isSetter="true">
              <Summary numSequencePoints="0" visitedSequencePoints="0" numBranchPoints="0" visitedBranchPoints="0" sequenceCoverage="0" branchCoverage="0" maxCyclomaticComplexity="1" minCyclomaticComplexity="1" />
              <MetadataToken>100663350</MetadataToken>
              <Name>System.Void PersonalServiceBus.RSS.Core.Domain.Model.User::set_Email(System.String)</Name>
              <SequencePoints />
              <BranchPoints />
              <MethodPoint vc="0" uspid="26" ordinal="0" offset="0" />
            </Method>
            <Method visited="false" cyclomaticComplexity="1" sequenceCoverage="0" branchCoverage="0" isConstructor="false" isStatic="false" isGetter="true" isSetter="false">
              <Summary numSequencePoints="0" visitedSequencePoints="0" numBranchPoints="0" visitedBranchPoints="0" sequenceCoverage="0" branchCoverage="0" maxCyclomaticComplexity="1" minCyclomaticComplexity="1" />
              <MetadataToken>100663351</MetadataToken>
              <Name>System.Collections.Generic.List`1&lt;System.String&gt; PersonalServiceBus.RSS.Core.Domain.Model.User::get_FeedIds()</Name>
              <SequencePoints />
              <BranchPoints />
              <MethodPoint vc="0" uspid="27" ordinal="0" offset="0" />
            </Method>
            <Method visited="false" cyclomaticComplexity="1" sequenceCoverage="0" branchCoverage="0" isConstructor="false" isStatic="false" isGetter="false" isSetter="true">
              <Summary numSequencePoints="0" visitedSequencePoints="0" numBranchPoints="0" visitedBranchPoints="0" sequenceCoverage="0" branchCoverage="0" maxCyclomaticComplexity="1" minCyclomaticComplexity="1" />
              <MetadataToken>100663352</MetadataToken>
              <Name>System.Void PersonalServiceBus.RSS.Core.Domain.Model.User::set_FeedIds(System.Collections.Generic.List`1&lt;System.String&gt;)</Name>
              <SequencePoints />
              <BranchPoints />
              <MethodPoint vc="0" uspid="28" ordinal="0" offset="0" />
            </Method>
            <Method visited="false" cyclomaticComplexity="1" sequenceCoverage="0" branchCoverage="0" isConstructor="false" isStatic="false" isGetter="true" isSetter="false">
              <Summary numSequencePoints="0" visitedSequencePoints="0" numBranchPoints="0" visitedBranchPoints="0" sequenceCoverage="0" branchCoverage="0" maxCyclomaticComplexity="1" minCyclomaticComplexity="1" />
              <MetadataToken>100663353</MetadataToken>
              <Name>System.Collections.Generic.List`1&lt;System.String&gt; PersonalServiceBus.RSS.Core.Domain.Model.User::get_UnreadFeedItemIds()</Name>
              <SequencePoints />
              <BranchPoints />
              <MethodPoint vc="0" uspid="29" ordinal="0" offset="0" />
            </Method>
            <Method visited="false" cyclomaticComplexity="1" sequenceCoverage="0" branchCoverage="0" isConstructor="false" isStatic="false" isGetter="false" isSetter="true">
              <Summary numSequencePoints="0" visitedSequencePoints="0" numBranchPoints="0" visitedBranchPoints="0" sequenceCoverage="0" branchCoverage="0" maxCyclomaticComplexity="1" minCyclomaticComplexity="1" />
              <MetadataToken>100663354</MetadataToken>
              <Name>System.Void PersonalServiceBus.RSS.Core.Domain.Model.User::set_UnreadFeedItemIds(System.Collections.Generic.List`1&lt;System.String&gt;)</Name>
              <SequencePoints />
              <BranchPoints />
              <MethodPoint vc="0" uspid="30" ordinal="0" offset="0" />
            </Method>
            <Method visited="false" cyclomaticComplexity="1" sequenceCoverage="0" branchCoverage="0" isConstructor="true" isStatic="false" isGetter="false" isSetter="false">
              <Summary numSequencePoints="0" visitedSequencePoints="0" numBranchPoints="0" visitedBranchPoints="0" sequenceCoverage="0" branchCoverage="0" maxCyclomaticComplexity="1" minCyclomaticComplexity="1" />
              <MetadataToken>100663355</MetadataToken>
              <Name>System.Void PersonalServiceBus.RSS.Core.Domain.Model.User::.ctor()</Name>
              <SequencePoints />
              <BranchPoints />
              <MethodPoint vc="0" uspid="31" ordinal="0" offset="0" />
            </Method>
          </Methods>
        </Class>
        <Class>
          <Summary numSequencePoints="0" visitedSequencePoints="0" numBranchPoints="0" visitedBranchPoints="0" sequenceCoverage="0" branchCoverage="0" maxCyclomaticComplexity="1" minCyclomaticComplexity="1" />
          <FullName>PersonalServiceBus.RSS.Core.Domain.Model.Category</FullName>
          <Methods>
            <Method visited="false" cyclomaticComplexity="1" sequenceCoverage="0" branchCoverage="0" isConstructor="false" isStatic="false" isGetter="true" isSetter="false">
              <Summary numSequencePoints="0" visitedSequencePoints="0" numBranchPoints="0" visitedBranchPoints="0" sequenceCoverage="0" branchCoverage="0" maxCyclomaticComplexity="1" minCyclomaticComplexity="1" />
              <MetadataToken>100663356</MetadataToken>
              <Name>System.String PersonalServiceBus.RSS.Core.Domain.Model.Category::get_Name()</Name>
              <SequencePoints />
              <BranchPoints />
              <MethodPoint vc="0" uspid="32" ordinal="0" offset="0" />
            </Method>
            <Method visited="false" cyclomaticComplexity="1" sequenceCoverage="0" branchCoverage="0" isConstructor="false" isStatic="false" isGetter="false" isSetter="true">
              <Summary numSequencePoints="0" visitedSequencePoints="0" numBranchPoints="0" visitedBranchPoints="0" sequenceCoverage="0" branchCoverage="0" maxCyclomaticComplexity="1" minCyclomaticComplexity="1" />
              <MetadataToken>100663357</MetadataToken>
              <Name>System.Void PersonalServiceBus.RSS.Core.Domain.Model.Category::set_Name(System.String)</Name>
              <SequencePoints />
              <BranchPoints />
              <MethodPoint vc="0" uspid="33" ordinal="0" offset="0" />
            </Method>
            <Method visited="false" cyclomaticComplexity="1" sequenceCoverage="0" branchCoverage="0" isConstructor="true" isStatic="false" isGetter="false" isSetter="false">
              <Summary numSequencePoints="0" visitedSequencePoints="0" numBranchPoints="0" visitedBranchPoints="0" sequenceCoverage="0" branchCoverage="0" maxCyclomaticComplexity="1" minCyclomaticComplexity="1" />
              <MetadataToken>100663358</MetadataToken>
              <Name>System.Void PersonalServiceBus.RSS.Core.Domain.Model.Category::.ctor()</Name>
              <SequencePoints />
              <BranchPoints />
              <MethodPoint vc="0" uspid="34" ordinal="0" offset="0" />
            </Method>
          </Methods>
        </Class>
        <Class>
          <Summary numSequencePoints="0" visitedSequencePoints="0" numBranchPoints="0" visitedBranchPoints="0" sequenceCoverage="0" branchCoverage="0" maxCyclomaticComplexity="1" minCyclomaticComplexity="1" />
          <FullName>PersonalServiceBus.RSS.Core.Domain.Model.Feed</FullName>
          <Methods>
            <Method visited="false" cyclomaticComplexity="1" sequenceCoverage="0" branchCoverage="0" isConstructor="false" isStatic="false" isGetter="true" isSetter="false">
              <Summary numSequencePoints="0" visitedSequencePoints="0" numBranchPoints="0" visitedBranchPoints="0" sequenceCoverage="0" branchCoverage="0" maxCyclomaticComplexity="1" minCyclomaticComplexity="1" />
              <MetadataToken>100663359</MetadataToken>
              <Name>System.String PersonalServiceBus.RSS.Core.Domain.Model.Feed::get_Category()</Name>
              <SequencePoints />
              <BranchPoints />
              <MethodPoint vc="0" uspid="35" ordinal="0" offset="0" />
            </Method>
            <Method visited="false" cyclomaticComplexity="1" sequenceCoverage="0" branchCoverage="0" isConstructor="false" isStatic="false" isGetter="false" isSetter="true">
              <Summary numSequencePoints="0" visitedSequencePoints="0" numBranchPoints="0" visitedBranchPoints="0" sequenceCoverage="0" branchCoverage="0" maxCyclomaticComplexity="1" minCyclomaticComplexity="1" />
              <MetadataToken>100663360</MetadataToken>
              <Name>System.Void PersonalServiceBus.RSS.Core.Domain.Model.Feed::set_Category(System.String)</Name>
              <SequencePoints />
              <BranchPoints />
              <MethodPoint vc="0" uspid="36" ordinal="0" offset="0" />
            </Method>
            <Method visited="false" cyclomaticComplexity="1" sequenceCoverage="0" branchCoverage="0" isConstructor="false" isStatic="false" isGetter="true" isSetter="false">
              <Summary numSequencePoints="0" visitedSequencePoints="0" numBranchPoints="0" visitedBranchPoints="0" sequenceCoverage="0" branchCoverage="0" maxCyclomaticComplexity="1" minCyclomaticComplexity="1" />
              <MetadataToken>100663361</MetadataToken>
              <Name>System.String PersonalServiceBus.RSS.Core.Domain.Model.Feed::get_Name()</Name>
              <SequencePoints />
              <BranchPoints />
              <MethodPoint vc="0" uspid="37" ordinal="0" offset="0" />
            </Method>
            <Method visited="false" cyclomaticComplexity="1" sequenceCoverage="0" branchCoverage="0" isConstructor="false" isStatic="false" isGetter="false" isSetter="true">
              <Summary numSequencePoints="0" visitedSequencePoints="0" numBranchPoints="0" visitedBranchPoints="0" sequenceCoverage="0" branchCoverage="0" maxCyclomaticComplexity="1" minCyclomaticComplexity="1" />
              <MetadataToken>100663362</MetadataToken>
              <Name>System.Void PersonalServiceBus.RSS.Core.Domain.Model.Feed::set_Name(System.String)</Name>
              <SequencePoints />
              <BranchPoints />
              <MethodPoint vc="0" uspid="38" ordinal="0" offset="0" />
            </Method>
            <Method visited="false" cyclomaticComplexity="1" sequenceCoverage="0" branchCoverage="0" isConstructor="false" isStatic="false" isGetter="true" isSetter="false">
              <Summary numSequencePoints="0" visitedSequencePoints="0" numBranchPoints="0" visitedBranchPoints="0" sequenceCoverage="0" branchCoverage="0" maxCyclomaticComplexity="1" minCyclomaticComplexity="1" />
              <MetadataToken>100663363</MetadataToken>
              <Name>System.String PersonalServiceBus.RSS.Core.Domain.Model.Feed::get_Url()</Name>
              <SequencePoints />
              <BranchPoints />
              <MethodPoint vc="0" uspid="39" ordinal="0" offset="0" />
            </Method>
            <Method visited="false" cyclomaticComplexity="1" sequenceCoverage="0" branchCoverage="0" isConstructor="false" isStatic="false" isGetter="false" isSetter="true">
              <Summary numSequencePoints="0" visitedSequencePoints="0" numBranchPoints="0" visitedBranchPoints="0" sequenceCoverage="0" branchCoverage="0" maxCyclomaticComplexity="1" minCyclomaticComplexity="1" />
              <MetadataToken>100663364</MetadataToken>
              <Name>System.Void PersonalServiceBus.RSS.Core.Domain.Model.Feed::set_Url(System.String)</Name>
              <SequencePoints />
              <BranchPoints />
              <MethodPoint vc="0" uspid="40" ordinal="0" offset="0" />
            </Method>
            <Method visited="false" cyclomaticComplexity="1" sequenceCoverage="0" branchCoverage="0" isConstructor="false" isStatic="false" isGetter="true" isSetter="false">
              <Summary numSequencePoints="0" visitedSequencePoints="0" numBranchPoints="0" visitedBranchPoints="0" sequenceCoverage="0" branchCoverage="0" maxCyclomaticComplexity="1" minCyclomaticComplexity="1" />
              <MetadataToken>100663365</MetadataToken>
              <Name>System.DateTime PersonalServiceBus.RSS.Core.Domain.Model.Feed::get_FeedRetrieveDate()</Name>
              <SequencePoints />
              <BranchPoints />
              <MethodPoint vc="0" uspid="41" ordinal="0" offset="0" />
            </Method>
            <Method visited="false" cyclomaticComplexity="1" sequenceCoverage="0" branchCoverage="0" isConstructor="false" isStatic="false" isGetter="false" isSetter="true">
              <Summary numSequencePoints="0" visitedSequencePoints="0" numBranchPoints="0" visitedBranchPoints="0" sequenceCoverage="0" branchCoverage="0" maxCyclomaticComplexity="1" minCyclomaticComplexity="1" />
              <MetadataToken>100663366</MetadataToken>
              <Name>System.Void PersonalServiceBus.RSS.Core.Domain.Model.Feed::set_FeedRetrieveDate(System.DateTime)</Name>
              <SequencePoints />
              <BranchPoints />
              <MethodPoint vc="0" uspid="42" ordinal="0" offset="0" />
            </Method>
            <Method visited="false" cyclomaticComplexity="1" sequenceCoverage="0" branchCoverage="0" isConstructor="false" isStatic="false" isGetter="true" isSetter="false">
              <Summary numSequencePoints="0" visitedSequencePoints="0" numBranchPoints="0" visitedBranchPoints="0" sequenceCoverage="0" branchCoverage="0" maxCyclomaticComplexity="1" minCyclomaticComplexity="1" />
              <MetadataToken>100663367</MetadataToken>
              <Name>PersonalServiceBus.RSS.Core.Domain.Model.Status PersonalServiceBus.RSS.Core.Domain.Model.Feed::get_Status()</Name>
              <SequencePoints />
              <BranchPoints />
              <MethodPoint vc="0" uspid="43" ordinal="0" offset="0" />
            </Method>
            <Method visited="false" cyclomaticComplexity="1" sequenceCoverage="0" branchCoverage="0" isConstructor="false" isStatic="false" isGetter="false" isSetter="true">
              <Summary numSequencePoints="0" visitedSequencePoints="0" numBranchPoints="0" visitedBranchPoints="0" sequenceCoverage="0" branchCoverage="0" maxCyclomaticComplexity="1" minCyclomaticComplexity="1" />
              <MetadataToken>100663368</MetadataToken>
              <Name>System.Void PersonalServiceBus.RSS.Core.Domain.Model.Feed::set_Status(PersonalServiceBus.RSS.Core.Domain.Model.Status)</Name>
              <SequencePoints />
              <BranchPoints />
              <MethodPoint vc="0" uspid="44" ordinal="0" offset="0" />
            </Method>
            <Method visited="false" cyclomaticComplexity="1" sequenceCoverage="0" branchCoverage="0" isConstructor="true" isStatic="false" isGetter="false" isSetter="false">
              <Summary numSequencePoints="0" visitedSequencePoints="0" numBranchPoints="0" visitedBranchPoints="0" sequenceCoverage="0" branchCoverage="0" maxCyclomaticComplexity="1" minCyclomaticComplexity="1" />
              <MetadataToken>100663369</MetadataToken>
              <Name>System.Void PersonalServiceBus.RSS.Core.Domain.Model.Feed::.ctor()</Name>
              <SequencePoints />
              <BranchPoints />
              <MethodPoint vc="0" uspid="45" ordinal="0" offset="0" />
            </Method>
          </Methods>
        </Class>
        <Class>
          <Summary numSequencePoints="0" visitedSequencePoints="0" numBranchPoints="0" visitedBranchPoints="0" sequenceCoverage="0" branchCoverage="0" maxCyclomaticComplexity="1" minCyclomaticComplexity="1" />
          <FullName>PersonalServiceBus.RSS.Core.Domain.Model.FeedItem</FullName>
          <Methods>
            <Method visited="false" cyclomaticComplexity="1" sequenceCoverage="0" branchCoverage="0" isConstructor="false" isStatic="false" isGetter="true" isSetter="false">
              <Summary numSequencePoints="0" visitedSequencePoints="0" numBranchPoints="0" visitedBranchPoints="0" sequenceCoverage="0" branchCoverage="0" maxCyclomaticComplexity="1" minCyclomaticComplexity="1" />
              <MetadataToken>100663370</MetadataToken>
              <Name>System.String PersonalServiceBus.RSS.Core.Domain.Model.FeedItem::get_RssId()</Name>
              <SequencePoints />
              <BranchPoints />
              <MethodPoint vc="0" uspid="46" ordinal="0" offset="0" />
            </Method>
            <Method visited="false" cyclomaticComplexity="1" sequenceCoverage="0" branchCoverage="0" isConstructor="false" isStatic="false" isGetter="false" isSetter="true">
              <Summary numSequencePoints="0" visitedSequencePoints="0" numBranchPoints="0" visitedBranchPoints="0" sequenceCoverage="0" branchCoverage="0" maxCyclomaticComplexity="1" minCyclomaticComplexity="1" />
              <MetadataToken>100663371</MetadataToken>
              <Name>System.Void PersonalServiceBus.RSS.Core.Domain.Model.FeedItem::set_RssId(System.String)</Name>
              <SequencePoints />
              <BranchPoints />
              <MethodPoint vc="0" uspid="47" ordinal="0" offset="0" />
            </Method>
            <Method visited="false" cyclomaticComplexity="1" sequenceCoverage="0" branchCoverage="0" isConstructor="false" isStatic="false" isGetter="true" isSetter="false">
              <Summary numSequencePoints="0" visitedSequencePoints="0" numBranchPoints="0" visitedBranchPoints="0" sequenceCoverage="0" branchCoverage="0" maxCyclomaticComplexity="1" minCyclomaticComplexity="1" />
              <MetadataToken>100663372</MetadataToken>
              <Name>System.String PersonalServiceBus.RSS.Core.Domain.Model.FeedItem::get_Title()</Name>
              <SequencePoints />
              <BranchPoints />
              <MethodPoint vc="0" uspid="48" ordinal="0" offset="0" />
            </Method>
            <Method visited="false" cyclomaticComplexity="1" sequenceCoverage="0" branchCoverage="0" isConstructor="false" isStatic="false" isGetter="false" isSetter="true">
              <Summary numSequencePoints="0" visitedSequencePoints="0" numBranchPoints="0" visitedBranchPoints="0" sequenceCoverage="0" branchCoverage="0" maxCyclomaticComplexity="1" minCyclomaticComplexity="1" />
              <MetadataToken>100663373</MetadataToken>
              <Name>System.Void PersonalServiceBus.RSS.Core.Domain.Model.FeedItem::set_Title(System.String)</Name>
              <SequencePoints />
              <BranchPoints />
              <MethodPoint vc="0" uspid="49" ordinal="0" offset="0" />
            </Method>
            <Method visited="false" cyclomaticComplexity="1" sequenceCoverage="0" branchCoverage="0" isConstructor="false" isStatic="false" isGetter="true" isSetter="false">
              <Summary numSequencePoints="0" visitedSequencePoints="0" numBranchPoints="0" visitedBranchPoints="0" sequenceCoverage="0" branchCoverage="0" maxCyclomaticComplexity="1" minCyclomaticComplexity="1" />
              <MetadataToken>100663374</MetadataToken>
              <Name>System.String PersonalServiceBus.RSS.Core.Domain.Model.FeedItem::get_FeedId()</Name>
              <SequencePoints />
              <BranchPoints />
              <MethodPoint vc="0" uspid="50" ordinal="0" offset="0" />
            </Method>
            <Method visited="false" cyclomaticComplexity="1" sequenceCoverage="0" branchCoverage="0" isConstructor="false" isStatic="false" isGetter="false" isSetter="true">
              <Summary numSequencePoints="0" visitedSequencePoints="0" numBranchPoints="0" visitedBranchPoints="0" sequenceCoverage="0" branchCoverage="0" maxCyclomaticComplexity="1" minCyclomaticComplexity="1" />
              <MetadataToken>100663375</MetadataToken>
              <Name>System.Void PersonalServiceBus.RSS.Core.Domain.Model.FeedItem::set_FeedId(System.String)</Name>
              <SequencePoints />
              <BranchPoints />
              <MethodPoint vc="0" uspid="51" ordinal="0" offset="0" />
            </Method>
            <Method visited="false" cyclomaticComplexity="1" sequenceCoverage="0" branchCoverage="0" isConstructor="false" isStatic="false" isGetter="true" isSetter="false">
              <Summary numSequencePoints="0" visitedSequencePoints="0" numBranchPoints="0" visitedBranchPoints="0" sequenceCoverage="0" branchCoverage="0" maxCyclomaticComplexity="1" minCyclomaticComplexity="1" />
              <MetadataToken>100663376</MetadataToken>
              <Name>System.String PersonalServiceBus.RSS.Core.Domain.Model.FeedItem::get_Category()</Name>
              <SequencePoints />
              <BranchPoints />
              <MethodPoint vc="0" uspid="52" ordinal="0" offset="0" />
            </Method>
            <Method visited="false" cyclomaticComplexity="1" sequenceCoverage="0" branchCoverage="0" isConstructor="false" isStatic="false" isGetter="false" isSetter="true">
              <Summary numSequencePoints="0" visitedSequencePoints="0" numBranchPoints="0" visitedBranchPoints="0" sequenceCoverage="0" branchCoverage="0" maxCyclomaticComplexity="1" minCyclomaticComplexity="1" />
              <MetadataToken>100663377</MetadataToken>
              <Name>System.Void PersonalServiceBus.RSS.Core.Domain.Model.FeedItem::set_Category(System.String)</Name>
              <SequencePoints />
              <BranchPoints />
              <MethodPoint vc="0" uspid="53" ordinal="0" offset="0" />
            </Method>
            <Method visited="false" cyclomaticComplexity="1" sequenceCoverage="0" branchCoverage="0" isConstructor="false" isStatic="false" isGetter="true" isSetter="false">
              <Summary numSequencePoints="0" visitedSequencePoints="0" numBranchPoints="0" visitedBranchPoints="0" sequenceCoverage="0" branchCoverage="0" maxCyclomaticComplexity="1" minCyclomaticComplexity="1" />
              <MetadataToken>100663378</MetadataToken>
              <Name>System.String PersonalServiceBus.RSS.Core.Domain.Model.FeedItem::get_Url()</Name>
              <SequencePoints />
              <BranchPoints />
              <MethodPoint vc="0" uspid="54" ordinal="0" offset="0" />
            </Method>
            <Method visited="false" cyclomaticComplexity="1" sequenceCoverage="0" branchCoverage="0" isConstructor="false" isStatic="false" isGetter="false" isSetter="true">
              <Summary numSequencePoints="0" visitedSequencePoints="0" numBranchPoints="0" visitedBranchPoints="0" sequenceCoverage="0" branchCoverage="0" maxCyclomaticComplexity="1" minCyclomaticComplexity="1" />
              <MetadataToken>100663379</MetadataToken>
              <Name>System.Void PersonalServiceBus.RSS.Core.Domain.Model.FeedItem::set_Url(System.String)</Name>
              <SequencePoints />
              <BranchPoints />
              <MethodPoint vc="0" uspid="55" ordinal="0" offset="0" />
            </Method>
            <Method visited="false" cyclomaticComplexity="1" sequenceCoverage="0" branchCoverage="0" isConstructor="false" isStatic="false" isGetter="true" isSetter="false">
              <Summary numSequencePoints="0" visitedSequencePoints="0" numBranchPoints="0" visitedBranchPoints="0" sequenceCoverage="0" branchCoverage="0" maxCyclomaticComplexity="1" minCyclomaticComplexity="1" />
              <MetadataToken>100663380</MetadataToken>
              <Name>System.String PersonalServiceBus.RSS.Core.Domain.Model.FeedItem::get_Author()</Name>
              <SequencePoints />
              <BranchPoints />
              <MethodPoint vc="0" uspid="56" ordinal="0" offset="0" />
            </Method>
            <Method visited="false" cyclomaticComplexity="1" sequenceCoverage="0" branchCoverage="0" isConstructor="false" isStatic="false" isGetter="false" isSetter="true">
              <Summary numSequencePoints="0" visitedSequencePoints="0" numBranchPoints="0" visitedBranchPoints="0" sequenceCoverage="0" branchCoverage="0" maxCyclomaticComplexity="1" minCyclomaticComplexity="1" />
              <MetadataToken>100663381</MetadataToken>
              <Name>System.Void PersonalServiceBus.RSS.Core.Domain.Model.FeedItem::set_Author(System.String)</Name>
              <SequencePoints />
              <BranchPoints />
              <MethodPoint vc="0" uspid="57" ordinal="0" offset="0" />
            </Method>
            <Method visited="false" cyclomaticComplexity="1" sequenceCoverage="0" branchCoverage="0" isConstructor="false" isStatic="false" isGetter="true" isSetter="false">
              <Summary numSequencePoints="0" visitedSequencePoints="0" numBranchPoints="0" visitedBranchPoints="0" sequenceCoverage="0" branchCoverage="0" maxCyclomaticComplexity="1" minCyclomaticComplexity="1" />
              <MetadataToken>100663382</MetadataToken>
              <Name>System.String PersonalServiceBus.RSS.Core.Domain.Model.FeedItem::get_Content()</Name>
              <SequencePoints />
              <BranchPoints />
              <MethodPoint vc="0" uspid="58" ordinal="0" offset="0" />
            </Method>
            <Method visited="false" cyclomaticComplexity="1" sequenceCoverage="0" branchCoverage="0" isConstructor="false" isStatic="false" isGetter="false" isSetter="true">
              <Summary numSequencePoints="0" visitedSequencePoints="0" numBranchPoints="0" visitedBranchPoints="0" sequenceCoverage="0" branchCoverage="0" maxCyclomaticComplexity="1" minCyclomaticComplexity="1" />
              <MetadataToken>100663383</MetadataToken>
              <Name>System.Void PersonalServiceBus.RSS.Core.Domain.Model.FeedItem::set_Content(System.String)</Name>
              <SequencePoints />
              <BranchPoints />
              <MethodPoint vc="0" uspid="59" ordinal="0" offset="0" />
            </Method>
            <Method visited="false" cyclomaticComplexity="1" sequenceCoverage="0" branchCoverage="0" isConstructor="false" isStatic="false" isGetter="true" isSetter="false">
              <Summary numSequencePoints="0" visitedSequencePoints="0" numBranchPoints="0" visitedBranchPoints="0" sequenceCoverage="0" branchCoverage="0" maxCyclomaticComplexity="1" minCyclomaticComplexity="1" />
              <MetadataToken>100663384</MetadataToken>
              <Name>System.DateTime PersonalServiceBus.RSS.Core.Domain.Model.FeedItem::get_DatePublished()</Name>
              <SequencePoints />
              <BranchPoints />
              <MethodPoint vc="0" uspid="60" ordinal="0" offset="0" />
            </Method>
            <Method visited="false" cyclomaticComplexity="1" sequenceCoverage="0" branchCoverage="0" isConstructor="false" isStatic="false" isGetter="false" isSetter="true">
              <Summary numSequencePoints="0" visitedSequencePoints="0" numBranchPoints="0" visitedBranchPoints="0" sequenceCoverage="0" branchCoverage="0" maxCyclomaticComplexity="1" minCyclomaticComplexity="1" />
              <MetadataToken>100663385</MetadataToken>
              <Name>System.Void PersonalServiceBus.RSS.Core.Domain.Model.FeedItem::set_DatePublished(System.DateTime)</Name>
              <SequencePoints />
              <BranchPoints />
              <MethodPoint vc="0" uspid="61" ordinal="0" offset="0" />
            </Method>
            <Method visited="false" cyclomaticComplexity="1" sequenceCoverage="0" branchCoverage="0" isConstructor="false" isStatic="false" isGetter="true" isSetter="false">
              <Summary numSequencePoints="0" visitedSequencePoints="0" numBranchPoints="0" visitedBranchPoints="0" sequenceCoverage="0" branchCoverage="0" maxCyclomaticComplexity="1" minCyclomaticComplexity="1" />
              <MetadataToken>100663386</MetadataToken>
              <Name>System.DateTime PersonalServiceBus.RSS.Core.Domain.Model.FeedItem::get_CreatedDate()</Name>
              <SequencePoints />
              <BranchPoints />
              <MethodPoint vc="0" uspid="62" ordinal="0" offset="0" />
            </Method>
            <Method visited="false" cyclomaticComplexity="1" sequenceCoverage="0" branchCoverage="0" isConstructor="false" isStatic="false" isGetter="false" isSetter="true">
              <Summary numSequencePoints="0" visitedSequencePoints="0" numBranchPoints="0" visitedBranchPoints="0" sequenceCoverage="0" branchCoverage="0" maxCyclomaticComplexity="1" minCyclomaticComplexity="1" />
              <MetadataToken>100663387</MetadataToken>
              <Name>System.Void PersonalServiceBus.RSS.Core.Domain.Model.FeedItem::set_CreatedDate(System.DateTime)</Name>
              <SequencePoints />
              <BranchPoints />
              <MethodPoint vc="0" uspid="63" ordinal="0" offset="0" />
            </Method>
            <Method visited="false" cyclomaticComplexity="1" sequenceCoverage="0" branchCoverage="0" isConstructor="true" isStatic="false" isGetter="false" isSetter="false">
              <Summary numSequencePoints="0" visitedSequencePoints="0" numBranchPoints="0" visitedBranchPoints="0" sequenceCoverage="0" branchCoverage="0" maxCyclomaticComplexity="1" minCyclomaticComplexity="1" />
              <MetadataToken>100663388</MetadataToken>
              <Name>System.Void PersonalServiceBus.RSS.Core.Domain.Model.FeedItem::.ctor()</Name>
              <SequencePoints />
              <BranchPoints />
              <MethodPoint vc="0" uspid="64" ordinal="0" offset="0" />
            </Method>
          </Methods>
        </Class>
        <Class>
          <Summary numSequencePoints="0" visitedSequencePoints="0" numBranchPoints="0" visitedBranchPoints="0" sequenceCoverage="0" branchCoverage="0" maxCyclomaticComplexity="1" minCyclomaticComplexity="1" />
          <FullName>PersonalServiceBus.RSS.Core.Domain.Model.Status</FullName>
          <Methods>
            <Method visited="false" cyclomaticComplexity="1" sequenceCoverage="0" branchCoverage="0" isConstructor="false" isStatic="false" isGetter="true" isSetter="false">
              <Summary numSequencePoints="0" visitedSequencePoints="0" numBranchPoints="0" visitedBranchPoints="0" sequenceCoverage="0" branchCoverage="0" maxCyclomaticComplexity="1" minCyclomaticComplexity="1" />
              <MetadataToken>100663389</MetadataToken>
              <Name>PersonalServiceBus.RSS.Core.Domain.Enum.ErrorLevel PersonalServiceBus.RSS.Core.Domain.Model.Status::get_ErrorLevel()</Name>
              <SequencePoints />
              <BranchPoints />
              <MethodPoint vc="0" uspid="65" ordinal="0" offset="0" />
            </Method>
            <Method visited="false" cyclomaticComplexity="1" sequenceCoverage="0" branchCoverage="0" isConstructor="false" isStatic="false" isGetter="false" isSetter="true">
              <Summary numSequencePoints="0" visitedSequencePoints="0" numBranchPoints="0" visitedBranchPoints="0" sequenceCoverage="0" branchCoverage="0" maxCyclomaticComplexity="1" minCyclomaticComplexity="1" />
              <MetadataToken>100663390</MetadataToken>
              <Name>System.Void PersonalServiceBus.RSS.Core.Domain.Model.Status::set_ErrorLevel(PersonalServiceBus.RSS.Core.Domain.Enum.ErrorLevel)</Name>
              <SequencePoints />
              <BranchPoints />
              <MethodPoint vc="0" uspid="66" ordinal="0" offset="0" />
            </Method>
            <Method visited="false" cyclomaticComplexity="1" sequenceCoverage="0" branchCoverage="0" isConstructor="false" isStatic="false" isGetter="true" isSetter="false">
              <Summary numSequencePoints="0" visitedSequencePoints="0" numBranchPoints="0" visitedBranchPoints="0" sequenceCoverage="0" branchCoverage="0" maxCyclomaticComplexity="1" minCyclomaticComplexity="1" />
              <MetadataToken>100663391</MetadataToken>
              <Name>System.String PersonalServiceBus.RSS.Core.Domain.Model.Status::get_ErrorMessage()</Name>
              <SequencePoints />
              <BranchPoints />
              <MethodPoint vc="0" uspid="67" ordinal="0" offset="0" />
            </Method>
            <Method visited="false" cyclomaticComplexity="1" sequenceCoverage="0" branchCoverage="0" isConstructor="false" isStatic="false" isGetter="false" isSetter="true">
              <Summary numSequencePoints="0" visitedSequencePoints="0" numBranchPoints="0" visitedBranchPoints="0" sequenceCoverage="0" branchCoverage="0" maxCyclomaticComplexity="1" minCyclomaticComplexity="1" />
              <MetadataToken>100663392</MetadataToken>
              <Name>System.Void PersonalServiceBus.RSS.Core.Domain.Model.Status::set_ErrorMessage(System.String)</Name>
              <SequencePoints />
              <BranchPoints />
              <MethodPoint vc="0" uspid="68" ordinal="0" offset="0" />
            </Method>
            <Method visited="false" cyclomaticComplexity="1" sequenceCoverage="0" branchCoverage="0" isConstructor="false" isStatic="false" isGetter="true" isSetter="false">
              <Summary numSequencePoints="0" visitedSequencePoints="0" numBranchPoints="0" visitedBranchPoints="0" sequenceCoverage="0" branchCoverage="0" maxCyclomaticComplexity="1" minCyclomaticComplexity="1" />
              <MetadataToken>100663393</MetadataToken>
              <Name>System.Exception PersonalServiceBus.RSS.Core.Domain.Model.Status::get_ErrorException()</Name>
              <SequencePoints />
              <BranchPoints />
              <MethodPoint vc="0" uspid="69" ordinal="0" offset="0" />
            </Method>
            <Method visited="false" cyclomaticComplexity="1" sequenceCoverage="0" branchCoverage="0" isConstructor="false" isStatic="false" isGetter="false" isSetter="true">
              <Summary numSequencePoints="0" visitedSequencePoints="0" numBranchPoints="0" visitedBranchPoints="0" sequenceCoverage="0" branchCoverage="0" maxCyclomaticComplexity="1" minCyclomaticComplexity="1" />
              <MetadataToken>100663394</MetadataToken>
              <Name>System.Void PersonalServiceBus.RSS.Core.Domain.Model.Status::set_ErrorException(System.Exception)</Name>
              <SequencePoints />
              <BranchPoints />
              <MethodPoint vc="0" uspid="70" ordinal="0" offset="0" />
            </Method>
            <Method visited="false" cyclomaticComplexity="1" sequenceCoverage="0" branchCoverage="0" isConstructor="true" isStatic="false" isGetter="false" isSetter="false">
              <Summary numSequencePoints="0" visitedSequencePoints="0" numBranchPoints="0" visitedBranchPoints="0" sequenceCoverage="0" branchCoverage="0" maxCyclomaticComplexity="1" minCyclomaticComplexity="1" />
              <MetadataToken>100663395</MetadataToken>
              <Name>System.Void PersonalServiceBus.RSS.Core.Domain.Model.Status::.ctor()</Name>
              <SequencePoints />
              <BranchPoints />
              <MethodPoint vc="0" uspid="71" ordinal="0" offset="0" />
            </Method>
          </Methods>
        </Class>
      </Classes>
    </Module>
    <Module hash="A2-60-77-F8-4E-47-E9-78-D3-23-E4-8C-05-5F-B3-2D-C1-47-E0-4C">
      <Summary numSequencePoints="365" visitedSequencePoints="3" numBranchPoints="129" visitedBranchPoints="1" sequenceCoverage="0.82" branchCoverage="0.78" maxCyclomaticComplexity="7" minCyclomaticComplexity="1" />
      <FullName>C:\Users\jake.anderson.TRITON-TEK\AppData\Local\Temp\nunit20\ShadowCopyCache\6736_635052885870527523\Tests_186951863\assembly\dl3\e6f91a30\6fc19bee_355bce01\PersonalServiceBus.RSS.Infrastructure.dll</FullName>
      <ModuleName>PersonalServiceBus.RSS.Infrastructure</ModuleName>
      <Files>
        <File uid="1" fullPath="c:\src\PersonalServiceBus\PersonalServiceBus.RSS.Infrastructure\Cryptography\Cryptography.cs" />
        <File uid="2" fullPath="c:\src\PersonalServiceBus\PersonalServiceBus.RSS.Infrastructure\RavenDB\FeedManager.cs" />
        <File uid="3" fullPath="c:\src\PersonalServiceBus\PersonalServiceBus.RSS.Infrastructure\RavenDB\RavenDatabase.cs" />
        <File uid="4" fullPath="c:\src\PersonalServiceBus\PersonalServiceBus.RSS.Infrastructure\RavenDB\RavenDBAuthentication.cs" />
        <File uid="5" fullPath="c:\src\PersonalServiceBus\PersonalServiceBus.RSS.Infrastructure\RavenDB\RavenDBClientCommunication.cs" />
        <File uid="6" fullPath="c:\src\PersonalServiceBus\PersonalServiceBus.RSS.Infrastructure\RSS\RssManager.cs" />
      </Files>
      <Classes>
        <Class>
          <Summary numSequencePoints="0" visitedSequencePoints="0" numBranchPoints="0" visitedBranchPoints="0" sequenceCoverage="0" branchCoverage="0" maxCyclomaticComplexity="0" minCyclomaticComplexity="0" />
          <FullName>&lt;Module&gt;</FullName>
          <Methods />
        </Class>
        <Class>
          <Summary numSequencePoints="9" visitedSequencePoints="0" numBranchPoints="2" visitedBranchPoints="0" sequenceCoverage="0" branchCoverage="0" maxCyclomaticComplexity="1" minCyclomaticComplexity="1" />
          <FullName>PersonalServiceBus.RSS.Infrastructure.Cryptography.Cryptography</FullName>
          <Methods>
            <Method visited="false" cyclomaticComplexity="1" sequenceCoverage="0" branchCoverage="0" isConstructor="false" isStatic="false" isGetter="false" isSetter="false">
              <Summary numSequencePoints="6" visitedSequencePoints="0" numBranchPoints="1" visitedBranchPoints="0" sequenceCoverage="0" branchCoverage="0" maxCyclomaticComplexity="1" minCyclomaticComplexity="1" />
              <MetadataToken>100663297</MetadataToken>
              <Name>System.String PersonalServiceBus.RSS.Infrastructure.Cryptography.Cryptography::CreateHash(System.String)</Name>
              <FileRef uid="1" />
              <SequencePoints>
                <SequencePoint vc="0" uspid="72" ordinal="0" offset="0" sl="10" sc="9" el="10" ec="10" />
                <SequencePoint vc="0" uspid="73" ordinal="1" offset="1" sl="11" sc="13" el="11" ec="59" />
                <SequencePoint vc="0" uspid="74" ordinal="2" offset="7" sl="12" sc="13" el="12" ec="59" />
                <SequencePoint vc="0" uspid="75" ordinal="3" offset="19" sl="13" sc="13" el="13" ec="47" />
                <SequencePoint vc="0" uspid="76" ordinal="4" offset="27" sl="14" sc="13" el="14" ec="51" />
                <SequencePoint vc="0" uspid="77" ordinal="5" offset="41" sl="15" sc="9" el="15" ec="10" />
              </SequencePoints>
              <BranchPoints />
              <MethodPoint xsi:type="SequencePoint" vc="0" uspid="72" ordinal="0" offset="0" sl="10" sc="9" el="10" ec="10" />
            </Method>
            <Method visited="false" cyclomaticComplexity="1" sequenceCoverage="0" branchCoverage="0" isConstructor="false" isStatic="false" isGetter="false" isSetter="false">
              <Summary numSequencePoints="3" visitedSequencePoints="0" numBranchPoints="1" visitedBranchPoints="0" sequenceCoverage="0" branchCoverage="0" maxCyclomaticComplexity="1" minCyclomaticComplexity="1" />
              <MetadataToken>100663298</MetadataToken>
              <Name>System.Boolean PersonalServiceBus.RSS.Infrastructure.Cryptography.Cryptography::MatchHash(System.String,System.String)</Name>
              <FileRef uid="1" />
              <SequencePoints>
                <SequencePoint vc="0" uspid="78" ordinal="0" offset="0" sl="18" sc="9" el="18" ec="10" />
                <SequencePoint vc="0" uspid="79" ordinal="1" offset="1" sl="19" sc="13" el="19" ec="51" />
                <SequencePoint vc="0" uspid="80" ordinal="2" offset="17" sl="20" sc="9" el="20" ec="10" />
              </SequencePoints>
              <BranchPoints />
              <MethodPoint xsi:type="SequencePoint" vc="0" uspid="78" ordinal="0" offset="0" sl="18" sc="9" el="18" ec="10" />
            </Method>
            <Method visited="false" cyclomaticComplexity="1" sequenceCoverage="0" branchCoverage="0" isConstructor="true" isStatic="false" isGetter="false" isSetter="false">
              <Summary numSequencePoints="0" visitedSequencePoints="0" numBranchPoints="0" visitedBranchPoints="0" sequenceCoverage="0" branchCoverage="0" maxCyclomaticComplexity="1" minCyclomaticComplexity="1" />
              <MetadataToken>100663299</MetadataToken>
              <Name>System.Void PersonalServiceBus.RSS.Infrastructure.Cryptography.Cryptography::.ctor()</Name>
              <SequencePoints />
              <BranchPoints />
              <MethodPoint vc="0" uspid="81" ordinal="0" offset="0" />
            </Method>
          </Methods>
        </Class>
        <Class>
          <Summary numSequencePoints="72" visitedSequencePoints="0" numBranchPoints="20" visitedBranchPoints="0" sequenceCoverage="0" branchCoverage="0" maxCyclomaticComplexity="4" minCyclomaticComplexity="1" />
          <FullName>PersonalServiceBus.RSS.Infrastructure.RavenDB.FeedManager</FullName>
          <Methods>
            <Method visited="false" cyclomaticComplexity="1" sequenceCoverage="0" branchCoverage="0" isConstructor="true" isStatic="false" isGetter="false" isSetter="false">
              <Summary numSequencePoints="4" visitedSequencePoints="0" numBranchPoints="1" visitedBranchPoints="0" sequenceCoverage="0" branchCoverage="0" maxCyclomaticComplexity="1" minCyclomaticComplexity="1" />
              <MetadataToken>100663300</MetadataToken>
              <Name>System.Void PersonalServiceBus.RSS.Infrastructure.RavenDB.FeedManager::.ctor(PersonalServiceBus.RSS.Core.Domain.Interface.IDatabase)</Name>
              <FileRef uid="2" />
              <SequencePoints>
                <SequencePoint vc="0" uspid="82" ordinal="0" offset="0" sl="16" sc="9" el="16" ec="47" />
                <SequencePoint vc="0" uspid="83" ordinal="1" offset="7" sl="17" sc="9" el="17" ec="10" />
                <SequencePoint vc="0" uspid="84" ordinal="2" offset="8" sl="18" sc="13" el="18" ec="34" />
                <SequencePoint vc="0" uspid="85" ordinal="3" offset="15" sl="19" sc="9" el="19" ec="10" />
              </SequencePoints>
              <BranchPoints />
              <MethodPoint xsi:type="SequencePoint" vc="0" uspid="82" ordinal="0" offset="0" sl="16" sc="9" el="16" ec="47" />
            </Method>
            <Method visited="false" cyclomaticComplexity="1" sequenceCoverage="0" branchCoverage="0" isConstructor="false" isStatic="false" isGetter="false" isSetter="false">
              <Summary numSequencePoints="4" visitedSequencePoints="0" numBranchPoints="1" visitedBranchPoints="0" sequenceCoverage="0" branchCoverage="0" maxCyclomaticComplexity="1" minCyclomaticComplexity="1" />
              <MetadataToken>100663301</MetadataToken>
              <Name>PersonalServiceBus.RSS.Core.Domain.Model.Feed PersonalServiceBus.RSS.Infrastructure.RavenDB.FeedManager::GetNextFeed()</Name>
              <FileRef uid="2" />
              <SequencePoints>
                <SequencePoint vc="0" uspid="86" ordinal="0" offset="0" sl="22" sc="9" el="22" ec="10" />
                <SequencePoint vc="0" uspid="87" ordinal="1" offset="1" sl="23" sc="13" el="23" ec="102" />
                <SequencePoint vc="0" uspid="88" ordinal="2" offset="82" sl="24" sc="13" el="24" ec="29" />
                <SequencePoint vc="0" uspid="89" ordinal="3" offset="86" sl="25" sc="9" el="25" ec="10" />
              </SequencePoints>
              <BranchPoints />
              <MethodPoint xsi:type="SequencePoint" vc="0" uspid="86" ordinal="0" offset="0" sl="22" sc="9" el="22" ec="10" />
            </Method>
            <Method visited="false" cyclomaticComplexity="2" sequenceCoverage="0" branchCoverage="0" isConstructor="false" isStatic="false" isGetter="false" isSetter="false">
              <Summary numSequencePoints="11" visitedSequencePoints="0" numBranchPoints="3" visitedBranchPoints="0" sequenceCoverage="0" branchCoverage="0" maxCyclomaticComplexity="2" minCyclomaticComplexity="2" />
              <MetadataToken>100663302</MetadataToken>
              <Name>PersonalServiceBus.RSS.Core.Contract.SingleResponse`1&lt;PersonalServiceBus.RSS.Core.Domain.Model.Feed&gt; PersonalServiceBus.RSS.Infrastructure.RavenDB.FeedManager::AddFeed(PersonalServiceBus.RSS.Core.Domain.Model.Feed)</Name>
              <FileRef uid="2" />
              <SequencePoints>
                <SequencePoint vc="0" uspid="90" ordinal="0" offset="15" sl="28" sc="9" el="28" ec="10" />
                <SequencePoint vc="0" uspid="91" ordinal="1" offset="16" sl="30" sc="13" el="30" ec="14" />
                <SequencePoint vc="0" uspid="92" ordinal="2" offset="17" sl="31" sc="17" el="31" ec="74" />
                <SequencePoint vc="0" uspid="93" ordinal="3" offset="167" sl="32" sc="17" el="32" ec="18" />
                <SequencePoint vc="0" uspid="94" ordinal="4" offset="168" sl="33" sc="21" el="33" ec="43" />
                <SequencePoint vc="0" uspid="95" ordinal="5" offset="187" sl="34" sc="17" el="34" ec="18" />
                <SequencePoint vc="0" uspid="96" ordinal="6" offset="188" sl="35" sc="17" el="42" ec="23" />
                <SequencePoint vc="0" uspid="97" ordinal="7" offset="235" sl="44" sc="13" el="44" ec="33" />
                <SequencePoint vc="0" uspid="98" ordinal="8" offset="236" sl="45" sc="13" el="45" ec="14" />
                <SequencePoint vc="0" uspid="99" ordinal="9" offset="237" sl="46" sc="17" el="55" ec="23" />
                <SequencePoint vc="0" uspid="100" ordinal="10" offset="310" sl="57" sc="9" el="57" ec="10" />
              </SequencePoints>
              <BranchPoints>
                <BranchPoint vc="0" uspid="102" ordinal="0" offset="165" path="0" />
                <BranchPoint vc="0" uspid="103" ordinal="1" offset="165" path="1" />
              </BranchPoints>
              <MethodPoint vc="0" uspid="101" ordinal="0" offset="0" />
            </Method>
            <Method visited="false" cyclomaticComplexity="1" sequenceCoverage="0" branchCoverage="0" isConstructor="false" isStatic="false" isGetter="false" isSetter="false">
              <Summary numSequencePoints="8" visitedSequencePoints="0" numBranchPoints="1" visitedBranchPoints="0" sequenceCoverage="0" branchCoverage="0" maxCyclomaticComplexity="1" minCyclomaticComplexity="1" />
              <MetadataToken>100663303</MetadataToken>
              <Name>PersonalServiceBus.RSS.Core.Contract.SingleResponse`1&lt;PersonalServiceBus.RSS.Core.Domain.Model.Feed&gt; PersonalServiceBus.RSS.Infrastructure.RavenDB.FeedManager::UpdateFeed(PersonalServiceBus.RSS.Core.Domain.Model.Feed)</Name>
              <FileRef uid="2" />
              <SequencePoints>
                <SequencePoint vc="0" uspid="104" ordinal="0" offset="0" sl="60" sc="9" el="60" ec="10" />
                <SequencePoint vc="0" uspid="105" ordinal="1" offset="1" sl="62" sc="13" el="62" ec="14" />
                <SequencePoint vc="0" uspid="106" ordinal="2" offset="2" sl="63" sc="17" el="63" ec="39" />
                <SequencePoint vc="0" uspid="107" ordinal="3" offset="15" sl="64" sc="17" el="71" ec="19" />
                <SequencePoint vc="0" uspid="108" ordinal="4" offset="56" sl="73" sc="13" el="73" ec="33" />
                <SequencePoint vc="0" uspid="109" ordinal="5" offset="57" sl="74" sc="13" el="74" ec="14" />
                <SequencePoint vc="0" uspid="110" ordinal="6" offset="58" sl="75" sc="17" el="84" ec="19" />
                <SequencePoint vc="0" uspid="111" ordinal="7" offset="131" sl="86" sc="9" el="86" ec="10" />
              </SequencePoints>
              <BranchPoints />
              <MethodPoint xsi:type="SequencePoint" vc="0" uspid="104" ordinal="0" offset="0" sl="60" sc="9" el="60" ec="10" />
            </Method>
            <Method visited="false" cyclomaticComplexity="1" sequenceCoverage="0" branchCoverage="0" isConstructor="false" isStatic="false" isGetter="false" isSetter="false">
              <Summary numSequencePoints="8" visitedSequencePoints="0" numBranchPoints="1" visitedBranchPoints="0" sequenceCoverage="0" branchCoverage="0" maxCyclomaticComplexity="1" minCyclomaticComplexity="1" />
              <MetadataToken>100663304</MetadataToken>
              <Name>PersonalServiceBus.RSS.Core.Contract.CollectionResponse`1&lt;PersonalServiceBus.RSS.Core.Domain.Model.Feed&gt; PersonalServiceBus.RSS.Infrastructure.RavenDB.FeedManager::GetFeeds(PersonalServiceBus.RSS.Core.Domain.Model.User)</Name>
              <FileRef uid="2" />
              <SequencePoints>
                <SequencePoint vc="0" uspid="112" ordinal="0" offset="0" sl="89" sc="9" el="89" ec="10" />
                <SequencePoint vc="0" uspid="113" ordinal="1" offset="1" sl="91" sc="13" el="91" ec="14" />
                <SequencePoint vc="0" uspid="114" ordinal="2" offset="2" sl="92" sc="17" el="92" ec="102" />
[...]
                <SequencePoint vc="0" uspid="447" ordinal="5" offset="34" sl="58" sc="17" el="58" ec="84" />
                <SequencePoint vc="0" uspid="448" ordinal="6" offset="42" sl="59" sc="17" el="59" ec="58" />
                <SequencePoint vc="0" uspid="449" ordinal="7" offset="49" sl="60" sc="17" el="60" ec="40" />
                <SequencePoint vc="0" uspid="450" ordinal="8" offset="62" sl="61" sc="17" el="61" ec="18" />
                <SequencePoint vc="0" uspid="451" ordinal="9" offset="63" sl="62" sc="21" el="62" ec="51" />
                <SequencePoint vc="0" uspid="452" ordinal="10" offset="65" sl="63" sc="17" el="63" ec="18" />
                <SequencePoint vc="0" uspid="453" ordinal="11" offset="68" sl="65" sc="17" el="65" ec="18" />
                <SequencePoint vc="0" uspid="454" ordinal="12" offset="69" sl="66" sc="21" el="66" ec="74" />
                <SequencePoint vc="0" uspid="455" ordinal="13" offset="82" sl="67" sc="21" el="67" ec="74" />
                <SequencePoint vc="0" uspid="456" ordinal="14" offset="100" sl="68" sc="21" el="68" ec="22" />
                <SequencePoint vc="0" uspid="457" ordinal="15" offset="101" sl="69" sc="25" el="69" ec="68" />
                <SequencePoint vc="0" uspid="458" ordinal="16" offset="114" sl="70" sc="21" el="70" ec="22" />
                <SequencePoint vc="0" uspid="459" ordinal="17" offset="115" sl="71" sc="17" el="71" ec="18" />
                <SequencePoint vc="0" uspid="460" ordinal="18" offset="116" sl="72" sc="17" el="72" ec="55" />
                <SequencePoint vc="0" uspid="461" ordinal="19" offset="128" sl="73" sc="17" el="73" ec="45" />
                <SequencePoint vc="0" uspid="462" ordinal="20" offset="141" sl="74" sc="17" el="81" ec="23" />
                <SequencePoint vc="0" uspid="463" ordinal="21" offset="185" sl="83" sc="13" el="83" ec="33" />
                <SequencePoint vc="0" uspid="464" ordinal="22" offset="187" sl="84" sc="13" el="84" ec="14" />
                <SequencePoint vc="0" uspid="465" ordinal="23" offset="188" sl="85" sc="17" el="94" ec="23" />
                <SequencePoint vc="0" uspid="466" ordinal="24" offset="270" sl="96" sc="9" el="96" ec="10" />
              </SequencePoints>
              <BranchPoints>
                <BranchPoint vc="0" uspid="467" ordinal="0" offset="20" path="0" />
                <BranchPoint vc="0" uspid="468" ordinal="1" offset="20" path="1" />
                <BranchPoint vc="0" uspid="469" ordinal="2" offset="60" path="0" />
                <BranchPoint vc="0" uspid="470" ordinal="3" offset="60" path="1" />
                <BranchPoint vc="0" uspid="471" ordinal="4" offset="98" path="0" />
                <BranchPoint vc="0" uspid="472" ordinal="5" offset="98" path="1" />
              </BranchPoints>
              <MethodPoint xsi:type="SequencePoint" vc="0" uspid="442" ordinal="0" offset="0" sl="50" sc="9" el="50" ec="10" />
            </Method>
            <Method visited="false" cyclomaticComplexity="4" sequenceCoverage="0" branchCoverage="0" isConstructor="false" isStatic="false" isGetter="false" isSetter="false">
              <Summary numSequencePoints="25" visitedSequencePoints="0" numBranchPoints="7" visitedBranchPoints="0" sequenceCoverage="0" branchCoverage="0" maxCyclomaticComplexity="4" minCyclomaticComplexity="4" />
              <MetadataToken>100663344</MetadataToken>
              <Name>PersonalServiceBus.RSS.Core.Contract.SingleResponse`1&lt;PersonalServiceBus.RSS.Core.Domain.Model.ClientConnection&gt; PersonalServiceBus.RSS.Infrastructure.RavenDB.RavenDBClientCommunication::RemoveConnection(PersonalServiceBus.RSS.Core.Domain.Model.ClientConnection)</Name>
              <FileRef uid="5" />
              <SequencePoints>
                <SequencePoint vc="0" uspid="473" ordinal="0" offset="0" sl="99" sc="9" el="99" ec="10" />
                <SequencePoint vc="0" uspid="474" ordinal="1" offset="1" sl="101" sc="13" el="101" ec="14" />
                <SequencePoint vc="0" uspid="475" ordinal="2" offset="2" sl="102" sc="17" el="102" ec="63" />
                <SequencePoint vc="0" uspid="476" ordinal="3" offset="22" sl="103" sc="17" el="103" ec="18" />
                <SequencePoint vc="0" uspid="477" ordinal="4" offset="23" sl="104" sc="21" el="104" ec="107" />
                <SequencePoint vc="0" uspid="478" ordinal="5" offset="34" sl="107" sc="17" el="107" ec="84" />
                <SequencePoint vc="0" uspid="479" ordinal="6" offset="42" sl="108" sc="17" el="108" ec="58" />
                <SequencePoint vc="0" uspid="480" ordinal="7" offset="49" sl="109" sc="17" el="109" ec="70" />
                <SequencePoint vc="0" uspid="481" ordinal="8" offset="62" sl="110" sc="17" el="110" ec="69" />
                <SequencePoint vc="0" uspid="482" ordinal="9" offset="83" sl="111" sc="17" el="111" ec="18" />
                <SequencePoint vc="0" uspid="483" ordinal="10" offset="84" sl="112" sc="21" el="112" ec="67" />
                <SequencePoint vc="0" uspid="484" ordinal="11" offset="97" sl="113" sc="17" el="113" ec="18" />
                <SequencePoint vc="0" uspid="485" ordinal="12" offset="98" sl="114" sc="17" el="114" ec="57" />
                <SequencePoint vc="0" uspid="486" ordinal="13" offset="121" sl="115" sc="17" el="115" ec="18" />
                <SequencePoint vc="0" uspid="487" ordinal="14" offset="122" sl="116" sc="21" el="116" ec="50" />
                <SequencePoint vc="0" uspid="488" ordinal="15" offset="135" sl="117" sc="17" el="117" ec="18" />
                <SequencePoint vc="0" uspid="489" ordinal="16" offset="138" sl="119" sc="17" el="119" ec="18" />
                <SequencePoint vc="0" uspid="490" ordinal="17" offset="139" sl="120" sc="21" el="120" ec="59" />
                <SequencePoint vc="0" uspid="491" ordinal="18" offset="151" sl="121" sc="21" el="121" ec="49" />
                <SequencePoint vc="0" uspid="492" ordinal="19" offset="164" sl="122" sc="17" el="122" ec="18" />
                <SequencePoint vc="0" uspid="493" ordinal="20" offset="165" sl="123" sc="17" el="130" ec="19" />
                <SequencePoint vc="0" uspid="494" ordinal="21" offset="209" sl="132" sc="13" el="132" ec="33" />
                <SequencePoint vc="0" uspid="495" ordinal="22" offset="211" sl="133" sc="13" el="133" ec="14" />
                <SequencePoint vc="0" uspid="496" ordinal="23" offset="212" sl="134" sc="17" el="143" ec="19" />
                <SequencePoint vc="0" uspid="497" ordinal="24" offset="294" sl="145" sc="9" el="145" ec="10" />
              </SequencePoints>
              <BranchPoints>
                <BranchPoint vc="0" uspid="498" ordinal="0" offset="20" path="0" />
                <BranchPoint vc="0" uspid="499" ordinal="1" offset="20" path="1" />
                <BranchPoint vc="0" uspid="500" ordinal="2" offset="81" path="0" />
                <BranchPoint vc="0" uspid="501" ordinal="3" offset="81" path="1" />
                <BranchPoint vc="0" uspid="502" ordinal="4" offset="119" path="0" />
                <BranchPoint vc="0" uspid="503" ordinal="5" offset="119" path="1" />
              </BranchPoints>
              <MethodPoint xsi:type="SequencePoint" vc="0" uspid="473" ordinal="0" offset="0" sl="99" sc="9" el="99" ec="10" />
            </Method>
            <Method visited="false" cyclomaticComplexity="4" sequenceCoverage="0" branchCoverage="0" isConstructor="false" isStatic="false" isGetter="false" isSetter="false">
              <Summary numSequencePoints="25" visitedSequencePoints="0" numBranchPoints="7" visitedBranchPoints="0" sequenceCoverage="0" branchCoverage="0" maxCyclomaticComplexity="4" minCyclomaticComplexity="4" />
              <MetadataToken>100663345</MetadataToken>
              <Name>PersonalServiceBus.RSS.Core.Contract.SingleResponse`1&lt;PersonalServiceBus.RSS.Core.Domain.Model.ClientConnection&gt; PersonalServiceBus.RSS.Infrastructure.RavenDB.RavenDBClientCommunication::UpdateConnection(PersonalServiceBus.RSS.Core.Domain.Model.ClientConnection)</Name>
              <FileRef uid="5" />
              <SequencePoints>
                <SequencePoint vc="0" uspid="504" ordinal="0" offset="0" sl="148" sc="9" el="148" ec="10" />
                <SequencePoint vc="0" uspid="505" ordinal="1" offset="1" sl="150" sc="13" el="150" ec="14" />
                <SequencePoint vc="0" uspid="506" ordinal="2" offset="2" sl="151" sc="17" el="151" ec="63" />
                <SequencePoint vc="0" uspid="507" ordinal="3" offset="22" sl="152" sc="17" el="152" ec="18" />
                <SequencePoint vc="0" uspid="508" ordinal="4" offset="23" sl="153" sc="21" el="153" ec="107" />
                <SequencePoint vc="0" uspid="509" ordinal="5" offset="34" sl="156" sc="17" el="156" ec="84" />
                <SequencePoint vc="0" uspid="510" ordinal="6" offset="42" sl="157" sc="17" el="157" ec="58" />
                <SequencePoint vc="0" uspid="511" ordinal="7" offset="49" sl="158" sc="17" el="158" ec="40" />
                <SequencePoint vc="0" uspid="512" ordinal="8" offset="62" sl="159" sc="17" el="159" ec="18" />
                <SequencePoint vc="0" uspid="513" ordinal="9" offset="63" sl="160" sc="21" el="160" ec="51" />
                <SequencePoint vc="0" uspid="514" ordinal="10" offset="65" sl="161" sc="17" el="161" ec="18" />
                <SequencePoint vc="0" uspid="515" ordinal="11" offset="68" sl="163" sc="17" el="163" ec="18" />
                <SequencePoint vc="0" uspid="516" ordinal="12" offset="69" sl="164" sc="21" el="164" ec="74" />
                <SequencePoint vc="0" uspid="517" ordinal="13" offset="82" sl="165" sc="21" el="165" ec="74" />
                <SequencePoint vc="0" uspid="518" ordinal="14" offset="100" sl="166" sc="21" el="166" ec="22" />
                <SequencePoint vc="0" uspid="519" ordinal="15" offset="101" sl="167" sc="25" el="167" ec="68" />
                <SequencePoint vc="0" uspid="520" ordinal="16" offset="114" sl="168" sc="21" el="168" ec="22" />
                <SequencePoint vc="0" uspid="521" ordinal="17" offset="115" sl="169" sc="17" el="169" ec="18" />
                <SequencePoint vc="0" uspid="522" ordinal="18" offset="116" sl="170" sc="17" el="170" ec="55" />
                <SequencePoint vc="0" uspid="523" ordinal="19" offset="128" sl="171" sc="17" el="171" ec="45" />
                <SequencePoint vc="0" uspid="524" ordinal="20" offset="141" sl="172" sc="17" el="179" ec="19" />
                <SequencePoint vc="0" uspid="525" ordinal="21" offset="185" sl="181" sc="13" el="181" ec="33" />
                <SequencePoint vc="0" uspid="526" ordinal="22" offset="187" sl="182" sc="13" el="182" ec="14" />
                <SequencePoint vc="0" uspid="527" ordinal="23" offset="188" sl="183" sc="17" el="192" ec="19" />
                <SequencePoint vc="0" uspid="528" ordinal="24" offset="270" sl="194" sc="9" el="194" ec="10" />
              </SequencePoints>
              <BranchPoints>
                <BranchPoint vc="0" uspid="529" ordinal="0" offset="20" path="0" />
                <BranchPoint vc="0" uspid="530" ordinal="1" offset="20" path="1" />
                <BranchPoint vc="0" uspid="531" ordinal="2" offset="60" path="0" />
                <BranchPoint vc="0" uspid="532" ordinal="3" offset="60" path="1" />
                <BranchPoint vc="0" uspid="533" ordinal="4" offset="98" path="0" />
                <BranchPoint vc="0" uspid="534" ordinal="5" offset="98" path="1" />
              </BranchPoints>
              <MethodPoint xsi:type="SequencePoint" vc="0" uspid="504" ordinal="0" offset="0" sl="148" sc="9" el="148" ec="10" />
            </Method>
          </Methods>
        </Class>
        <Class>
          <Summary numSequencePoints="0" visitedSequencePoints="0" numBranchPoints="0" visitedBranchPoints="0" sequenceCoverage="0" branchCoverage="0" maxCyclomaticComplexity="1" minCyclomaticComplexity="1" />
          <FullName>PersonalServiceBus.RSS.Infrastructure.RavenDB.RavenDBClientCommunication/&lt;&gt;c__DisplayClass4</FullName>
          <Methods>
            <Method visited="false" cyclomaticComplexity="1" sequenceCoverage="0" branchCoverage="0" isConstructor="true" isStatic="false" isGetter="false" isSetter="false">
              <Summary numSequencePoints="0" visitedSequencePoints="0" numBranchPoints="0" visitedBranchPoints="0" sequenceCoverage="0" branchCoverage="0" maxCyclomaticComplexity="1" minCyclomaticComplexity="1" />
              <MetadataToken>100663354</MetadataToken>
              <Name>System.Void PersonalServiceBus.RSS.Infrastructure.RavenDB.RavenDBClientCommunication/&lt;&gt;c__DisplayClass4::.ctor()</Name>
              <SequencePoints />
              <BranchPoints />
              <MethodPoint vc="0" uspid="535" ordinal="0" offset="0" />
            </Method>
          </Methods>
        </Class>
        <Class>
          <Summary numSequencePoints="9" visitedSequencePoints="0" numBranchPoints="3" visitedBranchPoints="0" sequenceCoverage="0" branchCoverage="0" maxCyclomaticComplexity="2" minCyclomaticComplexity="1" />
          <FullName>PersonalServiceBus.RSS.Infrastructure.RSS.RssManager</FullName>
          <Methods>
            <Method visited="false" cyclomaticComplexity="2" sequenceCoverage="0" branchCoverage="0" isConstructor="false" isStatic="false" isGetter="false" isSetter="false">
              <Summary numSequencePoints="9" visitedSequencePoints="0" numBranchPoints="3" visitedBranchPoints="0" sequenceCoverage="0" branchCoverage="0" maxCyclomaticComplexity="2" minCyclomaticComplexity="2" />
              <MetadataToken>100663346</MetadataToken>
              <Name>PersonalServiceBus.RSS.Core.Contract.CollectionResponse`1&lt;PersonalServiceBus.RSS.Core.Domain.Model.FeedItem&gt; PersonalServiceBus.RSS.Infrastructure.RSS.RssManager::GetFeedItems(PersonalServiceBus.RSS.Core.Domain.Model.Feed)</Name>
              <FileRef uid="6" />
              <SequencePoints>
                <SequencePoint vc="0" uspid="536" ordinal="0" offset="18" sl="14" sc="9" el="14" ec="10" />
                <SequencePoint vc="0" uspid="537" ordinal="1" offset="19" sl="15" sc="13" el="15" ec="49" />
                <SequencePoint vc="0" uspid="538" ordinal="2" offset="25" sl="17" sc="13" el="17" ec="14" />
                <SequencePoint vc="0" uspid="539" ordinal="3" offset="26" sl="18" sc="17" el="18" ec="69" />
                <SequencePoint vc="0" uspid="540" ordinal="4" offset="50" sl="20" sc="17" el="37" ec="23" />
                <SequencePoint vc="0" uspid="541" ordinal="5" offset="124" sl="40" sc="13" el="40" ec="47" />
                <SequencePoint vc="0" uspid="542" ordinal="6" offset="126" sl="41" sc="13" el="41" ec="14" />
                <SequencePoint vc="0" uspid="543" ordinal="7" offset="127" sl="42" sc="17" el="51" ec="23" />
                <SequencePoint vc="0" uspid="544" ordinal="8" offset="220" sl="53" sc="9" el="53" ec="10" />
              </SequencePoints>
              <BranchPoints>
                <BranchPoint vc="0" uspid="546" ordinal="0" offset="65" path="0" />
                <BranchPoint vc="0" uspid="547" ordinal="1" offset="65" path="1" />
              </BranchPoints>
              <MethodPoint vc="0" uspid="545" ordinal="0" offset="0" />
            </Method>
            <Method visited="false" cyclomaticComplexity="1" sequenceCoverage="0" branchCoverage="0" isConstructor="true" isStatic="false" isGetter="false" isSetter="false">
              <Summary numSequencePoints="0" visitedSequencePoints="0" numBranchPoints="0" visitedBranchPoints="0" sequenceCoverage="0" branchCoverage="0" maxCyclomaticComplexity="1" minCyclomaticComplexity="1" />
              <MetadataToken>100663347</MetadataToken>
              <Name>System.Void PersonalServiceBus.RSS.Infrastructure.RSS.RssManager::.ctor()</Name>
              <SequencePoints />
              <BranchPoints />
              <MethodPoint vc="0" uspid="548" ordinal="0" offset="0" />
            </Method>
          </Methods>
        </Class>
        <Class>
          <Summary numSequencePoints="1" visitedSequencePoints="0" numBranchPoints="3" visitedBranchPoints="0" sequenceCoverage="0" branchCoverage="0" maxCyclomaticComplexity="2" minCyclomaticComplexity="1" />
          <FullName>PersonalServiceBus.RSS.Infrastructure.RSS.RssManager/&lt;&gt;c__DisplayClass7</FullName>
          <Methods>
            <Method visited="false" cyclomaticComplexity="1" sequenceCoverage="0" branchCoverage="0" isConstructor="true" isStatic="false" isGetter="false" isSetter="false">
              <Summary numSequencePoints="0" visitedSequencePoints="0" numBranchPoints="0" visitedBranchPoints="0" sequenceCoverage="0" branchCoverage="0" maxCyclomaticComplexity="1" minCyclomaticComplexity="1" />
              <MetadataToken>100663355</MetadataToken>
              <Name>System.Void PersonalServiceBus.RSS.Infrastructure.RSS.RssManager/&lt;&gt;c__DisplayClass7::.ctor()</Name>
              <SequencePoints />
              <BranchPoints />
              <MethodPoint vc="0" uspid="549" ordinal="0" offset="0" />
            </Method>
            <Method visited="false" cyclomaticComplexity="2" sequenceCoverage="0" branchCoverage="0" isConstructor="false" isStatic="false" isGetter="false" isSetter="false">
              <Summary numSequencePoints="1" visitedSequencePoints="0" numBranchPoints="3" visitedBranchPoints="0" sequenceCoverage="0" branchCoverage="0" maxCyclomaticComplexity="2" minCyclomaticComplexity="2" />
              <MetadataToken>100663356</MetadataToken>
              <Name>PersonalServiceBus.RSS.Core.Domain.Model.FeedItem PersonalServiceBus.RSS.Infrastructure.RSS.RssManager/&lt;&gt;c__DisplayClass7::&lt;GetFeedItems&gt;b__5(QDFeedParser.BaseFeedItem)</Name>
              <FileRef uid="6" />
              <SequencePoints>
                <SequencePoint vc="0" uspid="550" ordinal="0" offset="0" sl="22" sc="62" el="32" ec="30" />
              </SequencePoints>
              <BranchPoints>
                <BranchPoint vc="0" uspid="551" ordinal="0" offset="18" path="0" />
                <BranchPoint vc="0" uspid="552" ordinal="1" offset="18" path="1" />
              </BranchPoints>
              <MethodPoint xsi:type="SequencePoint" vc="0" uspid="550" ordinal="0" offset="0" sl="22" sc="62" el="32" ec="30" />
            </Method>
          </Methods>
        </Class>
      </Classes>
    </Module>
    <Module skippedDueTo="Filter" hash="58-95-C1-AF-C4-E5-C6-BB-F3-54-7A-B0-3C-B7-C6-29-C9-42-CA-D4">
      <FullName>C:\Windows\Microsoft.Net\assembly\GAC_MSIL\System.Core\v4.0_4.0.0.0__b77a5c561934e089\System.Core.dll</FullName>
      <ModuleName>System.Core</ModuleName>
      <Classes />
    </Module>
    <Module skippedDueTo="Filter" hash="">
      <FullName>RefEmit_InMemoryManifestModule</FullName>
      <ModuleName>DynamicProxyGenAssembly2</ModuleName>
      <Classes />
    </Module>
    <Module skippedDueTo="Filter" hash="">
      <FullName>RefEmit_InMemoryManifestModule</FullName>
      <ModuleName>DynamicProxyGenAssembly2</ModuleName>
      <Classes />
    </Module>
    <Module skippedDueTo="Filter" hash="E8-00-B7-83-A9-9D-DD-4A-47-8F-F0-BB-44-8F-0F-6F-22-B6-B7-8B">
      <FullName>C:\Users\jake.anderson.TRITON-TEK\AppData\Local\Temp\nunit20\ShadowCopyCache\6736_635052885870527523\Tests_186951863\assembly\dl3\69c131f8\ad8f2323_c929ce01\Raven.Client.Lightweight.dll</FullName>
      <ModuleName>Raven.Client.Lightweight</ModuleName>
      <Classes />
    </Module>
    <Module skippedDueTo="Filter" hash="EE-21-F3-F7-88-F5-79-28-E8-5D-4C-42-57-3D-B7-D4-89-2F-9A-7F">
      <FullName>C:\Users\jake.anderson.TRITON-TEK\AppData\Local\Temp\nunit20\ShadowCopyCache\6736_635052885870527523\Tests_186951863\assembly\dl3\6d44ffe8\397e2223_c929ce01\Raven.Abstractions.dll</FullName>
      <ModuleName>Raven.Abstractions</ModuleName>
      <Classes />
    </Module>
  </Modules>
</CoverageSession>